CRITICAL - 2023-11-16 00:29:02 --> Cannot call constructor
in APPPATH\Controllers\MainController.php on line 14.
 1 SYSTEMPATH\CodeIgniter.php(891): App\Controllers\MainController->__construct()
 2 SYSTEMPATH\CodeIgniter.php(485): CodeIgniter\CodeIgniter->createController()
 3 SYSTEMPATH\CodeIgniter.php(353): CodeIgniter\CodeIgniter->handleRequest(null, Object(Config\Cache), false)
 4 FCPATH\index.php(85): CodeIgniter\CodeIgniter->run()
CRITICAL - 2023-11-16 00:29:14 --> Cannot call constructor
in APPPATH\Controllers\MainController.php on line 14.
 1 SYSTEMPATH\CodeIgniter.php(891): App\Controllers\MainController->__construct()
 2 SYSTEMPATH\CodeIgniter.php(485): CodeIgniter\CodeIgniter->createController()
 3 SYSTEMPATH\CodeIgniter.php(353): CodeIgniter\CodeIgniter->handleRequest(null, Object(Config\Cache), false)
 4 FCPATH\index.php(85): CodeIgniter\CodeIgniter->run()
CRITICAL - 2023-11-16 00:57:08 --> Cannot call constructor
in APPPATH\Controllers\MainController.php on line 14.
 1 SYSTEMPATH\CodeIgniter.php(891): App\Controllers\MainController->__construct()
 2 SYSTEMPATH\CodeIgniter.php(485): CodeIgniter\CodeIgniter->createController()
 3 SYSTEMPATH\CodeIgniter.php(353): CodeIgniter\CodeIgniter->handleRequest(null, Object(Config\Cache), false)
 4 FCPATH\index.php(85): CodeIgniter\CodeIgniter->run()
CRITICAL - 2023-11-16 01:00:15 --> Cannot call constructor
in APPPATH\Controllers\MainController.php on line 14.
 1 SYSTEMPATH\CodeIgniter.php(891): App\Controllers\MainController->__construct()
 2 SYSTEMPATH\CodeIgniter.php(485): CodeIgniter\CodeIgniter->createController()
 3 SYSTEMPATH\CodeIgniter.php(353): CodeIgniter\CodeIgniter->handleRequest(null, Object(Config\Cache), false)
 4 FCPATH\index.php(85): CodeIgniter\CodeIgniter->run()
CRITICAL - 2023-11-16 01:00:49 --> Cannot call constructor
in APPPATH\Controllers\MainController.php on line 14.
 1 SYSTEMPATH\CodeIgniter.php(891): App\Controllers\MainController->__construct()
 2 SYSTEMPATH\CodeIgniter.php(485): CodeIgniter\CodeIgniter->createController()
 3 SYSTEMPATH\CodeIgniter.php(353): CodeIgniter\CodeIgniter->handleRequest(null, Object(Config\Cache), false)
 4 FCPATH\index.php(85): CodeIgniter\CodeIgniter->run()
CRITICAL - 2023-11-16 01:00:56 --> Cannot call constructor
in APPPATH\Controllers\MainController.php on line 14.
 1 SYSTEMPATH\CodeIgniter.php(891): App\Controllers\MainController->__construct()
 2 SYSTEMPATH\CodeIgniter.php(485): CodeIgniter\CodeIgniter->createController()
 3 SYSTEMPATH\CodeIgniter.php(353): CodeIgniter\CodeIgniter->handleRequest(null, Object(Config\Cache), false)
 4 FCPATH\index.php(85): CodeIgniter\CodeIgniter->run()
CRITICAL - 2023-11-16 01:00:59 --> Cannot call constructor
in APPPATH\Controllers\MainController.php on line 14.
 1 SYSTEMPATH\CodeIgniter.php(891): App\Controllers\MainController->__construct()
 2 SYSTEMPATH\CodeIgniter.php(485): CodeIgniter\CodeIgniter->createController()
 3 SYSTEMPATH\CodeIgniter.php(353): CodeIgniter\CodeIgniter->handleRequest(null, Object(Config\Cache), false)
 4 FCPATH\index.php(85): CodeIgniter\CodeIgniter->run()
CRITICAL - 2023-11-16 01:01:24 --> Cannot call constructor
in APPPATH\Controllers\MainController.php on line 14.
 1 SYSTEMPATH\CodeIgniter.php(891): App\Controllers\MainController->__construct()
 2 SYSTEMPATH\CodeIgniter.php(485): CodeIgniter\CodeIgniter->createController()
 3 SYSTEMPATH\CodeIgniter.php(353): CodeIgniter\CodeIgniter->handleRequest(null, Object(Config\Cache), false)
 4 FCPATH\index.php(85): CodeIgniter\CodeIgniter->run()
CRITICAL - 2023-11-16 01:20:50 --> Cannot call constructor
in APPPATH\Controllers\MainController.php on line 14.
 1 SYSTEMPATH\CodeIgniter.php(891): App\Controllers\MainController->__construct()
 2 SYSTEMPATH\CodeIgniter.php(485): CodeIgniter\CodeIgniter->createController()
 3 SYSTEMPATH\CodeIgniter.php(353): CodeIgniter\CodeIgniter->handleRequest(null, Object(Config\Cache), false)
 4 FCPATH\index.php(85): CodeIgniter\CodeIgniter->run()
CRITICAL - 2023-11-16 01:22:02 --> Cannot call constructor
in APPPATH\Controllers\MainController.php on line 14.
 1 SYSTEMPATH\CodeIgniter.php(891): App\Controllers\MainController->__construct()
 2 SYSTEMPATH\CodeIgniter.php(485): CodeIgniter\CodeIgniter->createController()
 3 SYSTEMPATH\CodeIgniter.php(353): CodeIgniter\CodeIgniter->handleRequest(null, Object(Config\Cache), false)
 4 FCPATH\index.php(85): CodeIgniter\CodeIgniter->run()
CRITICAL - 2023-11-16 01:24:17 --> Cannot call constructor
in APPPATH\Controllers\MainController.php on line 14.
 1 SYSTEMPATH\CodeIgniter.php(891): App\Controllers\MainController->__construct()
 2 SYSTEMPATH\CodeIgniter.php(485): CodeIgniter\CodeIgniter->createController()
 3 SYSTEMPATH\CodeIgniter.php(353): CodeIgniter\CodeIgniter->handleRequest(null, Object(Config\Cache), false)
 4 FCPATH\index.php(85): CodeIgniter\CodeIgniter->run()
CRITICAL - 2023-11-16 01:24:18 --> Cannot call constructor
in APPPATH\Controllers\MainController.php on line 14.
 1 SYSTEMPATH\CodeIgniter.php(891): App\Controllers\MainController->__construct()
 2 SYSTEMPATH\CodeIgniter.php(485): CodeIgniter\CodeIgniter->createController()
 3 SYSTEMPATH\CodeIgniter.php(353): CodeIgniter\CodeIgniter->handleRequest(null, Object(Config\Cache), false)
 4 FCPATH\index.php(85): CodeIgniter\CodeIgniter->run()
CRITICAL - 2023-11-16 01:24:22 --> Cannot call constructor
in APPPATH\Controllers\MainController.php on line 14.
 1 SYSTEMPATH\CodeIgniter.php(891): App\Controllers\MainController->__construct()
 2 SYSTEMPATH\CodeIgniter.php(485): CodeIgniter\CodeIgniter->createController()
 3 SYSTEMPATH\CodeIgniter.php(353): CodeIgniter\CodeIgniter->handleRequest(null, Object(Config\Cache), false)
 4 FCPATH\index.php(85): CodeIgniter\CodeIgniter->run()
CRITICAL - 2023-11-16 01:26:02 --> Cannot call constructor
in APPPATH\Controllers\MainController.php on line 14.
 1 SYSTEMPATH\CodeIgniter.php(891): App\Controllers\MainController->__construct()
 2 SYSTEMPATH\CodeIgniter.php(485): CodeIgniter\CodeIgniter->createController()
 3 SYSTEMPATH\CodeIgniter.php(353): CodeIgniter\CodeIgniter->handleRequest(null, Object(Config\Cache), false)
 4 FCPATH\index.php(85): CodeIgniter\CodeIgniter->run()
CRITICAL - 2023-11-16 01:26:30 --> Cannot call constructor
in APPPATH\Controllers\MainController.php on line 14.
 1 SYSTEMPATH\CodeIgniter.php(891): App\Controllers\MainController->__construct()
 2 SYSTEMPATH\CodeIgniter.php(485): CodeIgniter\CodeIgniter->createController()
 3 SYSTEMPATH\CodeIgniter.php(353): CodeIgniter\CodeIgniter->handleRequest(null, Object(Config\Cache), false)
 4 FCPATH\index.php(85): CodeIgniter\CodeIgniter->run()
CRITICAL - 2023-11-16 01:30:01 --> Cannot call constructor
in APPPATH\Controllers\MainController.php on line 14.
 1 SYSTEMPATH\CodeIgniter.php(891): App\Controllers\MainController->__construct()
 2 SYSTEMPATH\CodeIgniter.php(485): CodeIgniter\CodeIgniter->createController()
 3 SYSTEMPATH\CodeIgniter.php(353): CodeIgniter\CodeIgniter->handleRequest(null, Object(Config\Cache), false)
 4 FCPATH\index.php(85): CodeIgniter\CodeIgniter->run()
CRITICAL - 2023-11-16 01:34:56 --> Cannot call constructor
in APPPATH\Controllers\MainController.php on line 14.
 1 SYSTEMPATH\CodeIgniter.php(891): App\Controllers\MainController->__construct()
 2 SYSTEMPATH\CodeIgniter.php(485): CodeIgniter\CodeIgniter->createController()
 3 SYSTEMPATH\CodeIgniter.php(353): CodeIgniter\CodeIgniter->handleRequest(null, Object(Config\Cache), false)
 4 FCPATH\index.php(85): CodeIgniter\CodeIgniter->run()
CRITICAL - 2023-11-16 01:35:24 --> syntax error, unexpected single-quoted string "GET|POST", expecting ")"
in APPPATH\Config\Routes.php on line 10.
 1 SYSTEMPATH\CodeIgniter.php(787): CodeIgniter\Router\RouteCollection->loadRoutes()
 2 SYSTEMPATH\CodeIgniter.php(442): CodeIgniter\CodeIgniter->tryToRouteIt(null)
 3 SYSTEMPATH\CodeIgniter.php(353): CodeIgniter\CodeIgniter->handleRequest(null, Object(Config\Cache), false)
 4 FCPATH\index.php(85): CodeIgniter\CodeIgniter->run()
CRITICAL - 2023-11-16 01:35:58 --> CodeIgniter\Router\RouteCollection::match(): Argument #1 ($verbs) must be of type array, string given, called in C:\laragon\www\backend\app\Config\Routes.php on line 10
in SYSTEMPATH\Router\RouteCollection.php on line 991.
 1 APPPATH\Config\Routes.php(10): CodeIgniter\Router\RouteCollection->match('GET|POST', '/search', 'MainController::search')
 2 SYSTEMPATH\Router\RouteCollection.php(339): require('C:\\laragon\\www\\backend\\app\\Config\\Routes.php')
 3 SYSTEMPATH\CodeIgniter.php(787): CodeIgniter\Router\RouteCollection->loadRoutes()
 4 SYSTEMPATH\CodeIgniter.php(442): CodeIgniter\CodeIgniter->tryToRouteIt(null)
 5 SYSTEMPATH\CodeIgniter.php(353): CodeIgniter\CodeIgniter->handleRequest(null, Object(Config\Cache), false)
 6 FCPATH\index.php(85): CodeIgniter\CodeIgniter->run()
CRITICAL - 2023-11-16 01:37:16 --> CodeIgniter\Router\RouteCollection::match(): Argument #1 ($verbs) must be of type array, string given, called in C:\laragon\www\backend\app\Config\Routes.php on line 10
in SYSTEMPATH\Router\RouteCollection.php on line 991.
 1 APPPATH\Config\Routes.php(10): CodeIgniter\Router\RouteCollection->match('GET|POST', '/search', 'MainController::search')
 2 SYSTEMPATH\Router\RouteCollection.php(339): require('C:\\laragon\\www\\backend\\app\\Config\\Routes.php')
 3 SYSTEMPATH\CodeIgniter.php(787): CodeIgniter\Router\RouteCollection->loadRoutes()
 4 SYSTEMPATH\CodeIgniter.php(442): CodeIgniter\CodeIgniter->tryToRouteIt(null)
 5 SYSTEMPATH\CodeIgniter.php(353): CodeIgniter\CodeIgniter->handleRequest(null, Object(Config\Cache), false)
 6 FCPATH\index.php(85): CodeIgniter\CodeIgniter->run()
CRITICAL - 2023-11-16 01:38:31 --> CodeIgniter\Router\RouteCollection::match(): Argument #1 ($verbs) must be of type array, string given, called in C:\laragon\www\backend\app\Config\Routes.php on line 10
in SYSTEMPATH\Router\RouteCollection.php on line 991.
 1 APPPATH\Config\Routes.php(10): CodeIgniter\Router\RouteCollection->match('GET|POST', '/search', 'MainController::search')
 2 SYSTEMPATH\Router\RouteCollection.php(339): require('C:\\laragon\\www\\backend\\app\\Config\\Routes.php')
 3 SYSTEMPATH\CodeIgniter.php(787): CodeIgniter\Router\RouteCollection->loadRoutes()
 4 SYSTEMPATH\CodeIgniter.php(442): CodeIgniter\CodeIgniter->tryToRouteIt(null)
 5 SYSTEMPATH\CodeIgniter.php(353): CodeIgniter\CodeIgniter->handleRequest(null, Object(Config\Cache), false)
 6 FCPATH\index.php(85): CodeIgniter\CodeIgniter->run()
CRITICAL - 2023-11-16 01:38:37 --> CodeIgniter\Router\RouteCollection::match(): Argument #1 ($verbs) must be of type array, string given, called in C:\laragon\www\backend\app\Config\Routes.php on line 10
in SYSTEMPATH\Router\RouteCollection.php on line 991.
 1 APPPATH\Config\Routes.php(10): CodeIgniter\Router\RouteCollection->match('GET|POST', '/search', 'MainController::search')
 2 SYSTEMPATH\Router\RouteCollection.php(339): require('C:\\laragon\\www\\backend\\app\\Config\\Routes.php')
 3 SYSTEMPATH\CodeIgniter.php(787): CodeIgniter\Router\RouteCollection->loadRoutes()
 4 SYSTEMPATH\CodeIgniter.php(442): CodeIgniter\CodeIgniter->tryToRouteIt(null)
 5 SYSTEMPATH\CodeIgniter.php(353): CodeIgniter\CodeIgniter->handleRequest(null, Object(Config\Cache), false)
 6 FCPATH\index.php(85): CodeIgniter\CodeIgniter->run()
CRITICAL - 2023-11-16 01:38:48 --> CodeIgniter\Router\RouteCollection::match(): Argument #1 ($verbs) must be of type array, string given, called in C:\laragon\www\backend\app\Config\Routes.php on line 10
in SYSTEMPATH\Router\RouteCollection.php on line 991.
 1 APPPATH\Config\Routes.php(10): CodeIgniter\Router\RouteCollection->match('GET|POST', '/search', 'MainController::search')
 2 SYSTEMPATH\Router\RouteCollection.php(339): require('C:\\laragon\\www\\backend\\app\\Config\\Routes.php')
 3 SYSTEMPATH\CodeIgniter.php(787): CodeIgniter\Router\RouteCollection->loadRoutes()
 4 SYSTEMPATH\CodeIgniter.php(442): CodeIgniter\CodeIgniter->tryToRouteIt(null)
 5 SYSTEMPATH\CodeIgniter.php(353): CodeIgniter\CodeIgniter->handleRequest(null, Object(Config\Cache), false)
 6 FCPATH\index.php(85): CodeIgniter\CodeIgniter->run()
CRITICAL - 2023-11-16 01:40:14 --> CodeIgniter\Router\RouteCollection::match(): Argument #1 ($verbs) must be of type array, string given, called in C:\laragon\www\backend\app\Config\Routes.php on line 10
in SYSTEMPATH\Router\RouteCollection.php on line 991.
 1 APPPATH\Config\Routes.php(10): CodeIgniter\Router\RouteCollection->match('GET|POST', '/search', 'MainController::search')
 2 SYSTEMPATH\Router\RouteCollection.php(339): require('C:\\laragon\\www\\backend\\app\\Config\\Routes.php')
 3 SYSTEMPATH\CodeIgniter.php(787): CodeIgniter\Router\RouteCollection->loadRoutes()
 4 SYSTEMPATH\CodeIgniter.php(442): CodeIgniter\CodeIgniter->tryToRouteIt(null)
 5 SYSTEMPATH\CodeIgniter.php(353): CodeIgniter\CodeIgniter->handleRequest(null, Object(Config\Cache), false)
 6 FCPATH\index.php(85): CodeIgniter\CodeIgniter->run()
CRITICAL - 2023-11-16 01:40:17 --> CodeIgniter\Router\RouteCollection::match(): Argument #1 ($verbs) must be of type array, string given, called in C:\laragon\www\backend\app\Config\Routes.php on line 10
in SYSTEMPATH\Router\RouteCollection.php on line 991.
 1 APPPATH\Config\Routes.php(10): CodeIgniter\Router\RouteCollection->match('GET|POST', '/search', 'MainController::search')
 2 SYSTEMPATH\Router\RouteCollection.php(339): require('C:\\laragon\\www\\backend\\app\\Config\\Routes.php')
 3 SYSTEMPATH\CodeIgniter.php(787): CodeIgniter\Router\RouteCollection->loadRoutes()
 4 SYSTEMPATH\CodeIgniter.php(442): CodeIgniter\CodeIgniter->tryToRouteIt(null)
 5 SYSTEMPATH\CodeIgniter.php(353): CodeIgniter\CodeIgniter->handleRequest(null, Object(Config\Cache), false)
 6 FCPATH\index.php(85): CodeIgniter\CodeIgniter->run()
CRITICAL - 2023-11-16 01:40:25 --> CodeIgniter\Router\RouteCollection::match(): Argument #1 ($verbs) must be of type array, string given, called in C:\laragon\www\backend\app\Config\Routes.php on line 10
in SYSTEMPATH\Router\RouteCollection.php on line 991.
 1 APPPATH\Config\Routes.php(10): CodeIgniter\Router\RouteCollection->match('GET|POST', '/search', 'MainController::search')
 2 SYSTEMPATH\Router\RouteCollection.php(339): require('C:\\laragon\\www\\backend\\app\\Config\\Routes.php')
 3 SYSTEMPATH\CodeIgniter.php(787): CodeIgniter\Router\RouteCollection->loadRoutes()
 4 SYSTEMPATH\CodeIgniter.php(442): CodeIgniter\CodeIgniter->tryToRouteIt(null)
 5 SYSTEMPATH\CodeIgniter.php(353): CodeIgniter\CodeIgniter->handleRequest(null, Object(Config\Cache), false)
 6 FCPATH\index.php(85): CodeIgniter\CodeIgniter->run()
 7 SYSTEMPATH\Commands\Server\rewrite.php(47): require_once('C:\\laragon\\www\\backend\\public\\index.php')
CRITICAL - 2023-11-16 01:40:27 --> CodeIgniter\Router\RouteCollection::match(): Argument #1 ($verbs) must be of type array, string given, called in C:\laragon\www\backend\app\Config\Routes.php on line 10
in SYSTEMPATH\Router\RouteCollection.php on line 991.
 1 APPPATH\Config\Routes.php(10): CodeIgniter\Router\RouteCollection->match('GET|POST', '/search', 'MainController::search')
 2 SYSTEMPATH\Router\RouteCollection.php(339): require('C:\\laragon\\www\\backend\\app\\Config\\Routes.php')
 3 SYSTEMPATH\CodeIgniter.php(787): CodeIgniter\Router\RouteCollection->loadRoutes()
 4 SYSTEMPATH\CodeIgniter.php(442): CodeIgniter\CodeIgniter->tryToRouteIt(null)
 5 SYSTEMPATH\CodeIgniter.php(353): CodeIgniter\CodeIgniter->handleRequest(null, Object(Config\Cache), false)
 6 FCPATH\index.php(85): CodeIgniter\CodeIgniter->run()
 7 SYSTEMPATH\Commands\Server\rewrite.php(47): require_once('C:\\laragon\\www\\backend\\public\\index.php')
CRITICAL - 2023-11-16 01:41:07 --> Cannot call constructor
in APPPATH\Controllers\MainController.php on line 14.
 1 SYSTEMPATH\CodeIgniter.php(891): App\Controllers\MainController->__construct()
 2 SYSTEMPATH\CodeIgniter.php(485): CodeIgniter\CodeIgniter->createController()
 3 SYSTEMPATH\CodeIgniter.php(353): CodeIgniter\CodeIgniter->handleRequest(null, Object(Config\Cache), false)
 4 FCPATH\index.php(85): CodeIgniter\CodeIgniter->run()
CRITICAL - 2023-11-16 02:39:22 --> Undefined property: App\Controllers\MainController::$db
in APPPATH\Controllers\MainController.php on line 39.
 1 APPPATH\Controllers\MainController.php(39): CodeIgniter\Debug\Exceptions->errorHandler(2, 'Undefined property: App\\Controllers\\MainController::$db', 'C:\\laragon\\www\\backend\\app\\Controllers\\MainController.php', 39)
 2 SYSTEMPATH\CodeIgniter.php(919): App\Controllers\MainController->search()
 3 SYSTEMPATH\CodeIgniter.php(494): CodeIgniter\CodeIgniter->runController(Object(App\Controllers\MainController))
 4 SYSTEMPATH\CodeIgniter.php(353): CodeIgniter\CodeIgniter->handleRequest(null, Object(Config\Cache), false)
 5 FCPATH\index.php(85): CodeIgniter\CodeIgniter->run()
CRITICAL - 2023-11-16 02:39:24 --> Undefined property: App\Controllers\MainController::$db
in APPPATH\Controllers\MainController.php on line 39.
 1 APPPATH\Controllers\MainController.php(39): CodeIgniter\Debug\Exceptions->errorHandler(2, 'Undefined property: App\\Controllers\\MainController::$db', 'C:\\laragon\\www\\backend\\app\\Controllers\\MainController.php', 39)
 2 SYSTEMPATH\CodeIgniter.php(919): App\Controllers\MainController->search()
 3 SYSTEMPATH\CodeIgniter.php(494): CodeIgniter\CodeIgniter->runController(Object(App\Controllers\MainController))
 4 SYSTEMPATH\CodeIgniter.php(353): CodeIgniter\CodeIgniter->handleRequest(null, Object(Config\Cache), false)
 5 FCPATH\index.php(85): CodeIgniter\CodeIgniter->run()
CRITICAL - 2023-11-16 02:39:24 --> Undefined property: App\Controllers\MainController::$db
in APPPATH\Controllers\MainController.php on line 39.
 1 APPPATH\Controllers\MainController.php(39): CodeIgniter\Debug\Exceptions->errorHandler(2, 'Undefined property: App\\Controllers\\MainController::$db', 'C:\\laragon\\www\\backend\\app\\Controllers\\MainController.php', 39)
 2 SYSTEMPATH\CodeIgniter.php(919): App\Controllers\MainController->search()
 3 SYSTEMPATH\CodeIgniter.php(494): CodeIgniter\CodeIgniter->runController(Object(App\Controllers\MainController))
 4 SYSTEMPATH\CodeIgniter.php(353): CodeIgniter\CodeIgniter->handleRequest(null, Object(Config\Cache), false)
 5 FCPATH\index.php(85): CodeIgniter\CodeIgniter->run()
CRITICAL - 2023-11-16 02:39:25 --> Undefined property: App\Controllers\MainController::$db
in APPPATH\Controllers\MainController.php on line 39.
 1 APPPATH\Controllers\MainController.php(39): CodeIgniter\Debug\Exceptions->errorHandler(2, 'Undefined property: App\\Controllers\\MainController::$db', 'C:\\laragon\\www\\backend\\app\\Controllers\\MainController.php', 39)
 2 SYSTEMPATH\CodeIgniter.php(919): App\Controllers\MainController->search()
 3 SYSTEMPATH\CodeIgniter.php(494): CodeIgniter\CodeIgniter->runController(Object(App\Controllers\MainController))
 4 SYSTEMPATH\CodeIgniter.php(353): CodeIgniter\CodeIgniter->handleRequest(null, Object(Config\Cache), false)
 5 FCPATH\index.php(85): CodeIgniter\CodeIgniter->run()
CRITICAL - 2023-11-16 02:39:25 --> Undefined property: App\Controllers\MainController::$db
in APPPATH\Controllers\MainController.php on line 39.
 1 APPPATH\Controllers\MainController.php(39): CodeIgniter\Debug\Exceptions->errorHandler(2, 'Undefined property: App\\Controllers\\MainController::$db', 'C:\\laragon\\www\\backend\\app\\Controllers\\MainController.php', 39)
 2 SYSTEMPATH\CodeIgniter.php(919): App\Controllers\MainController->search()
 3 SYSTEMPATH\CodeIgniter.php(494): CodeIgniter\CodeIgniter->runController(Object(App\Controllers\MainController))
 4 SYSTEMPATH\CodeIgniter.php(353): CodeIgniter\CodeIgniter->handleRequest(null, Object(Config\Cache), false)
 5 FCPATH\index.php(85): CodeIgniter\CodeIgniter->run()
CRITICAL - 2023-11-16 02:39:25 --> Undefined property: App\Controllers\MainController::$db
in APPPATH\Controllers\MainController.php on line 39.
 1 APPPATH\Controllers\MainController.php(39): CodeIgniter\Debug\Exceptions->errorHandler(2, 'Undefined property: App\\Controllers\\MainController::$db', 'C:\\laragon\\www\\backend\\app\\Controllers\\MainController.php', 39)
 2 SYSTEMPATH\CodeIgniter.php(919): App\Controllers\MainController->search()
 3 SYSTEMPATH\CodeIgniter.php(494): CodeIgniter\CodeIgniter->runController(Object(App\Controllers\MainController))
 4 SYSTEMPATH\CodeIgniter.php(353): CodeIgniter\CodeIgniter->handleRequest(null, Object(Config\Cache), false)
 5 FCPATH\index.php(85): CodeIgniter\CodeIgniter->run()
CRITICAL - 2023-11-16 02:39:25 --> Undefined property: App\Controllers\MainController::$db
in APPPATH\Controllers\MainController.php on line 39.
 1 APPPATH\Controllers\MainController.php(39): CodeIgniter\Debug\Exceptions->errorHandler(2, 'Undefined property: App\\Controllers\\MainController::$db', 'C:\\laragon\\www\\backend\\app\\Controllers\\MainController.php', 39)
 2 SYSTEMPATH\CodeIgniter.php(919): App\Controllers\MainController->search()
 3 SYSTEMPATH\CodeIgniter.php(494): CodeIgniter\CodeIgniter->runController(Object(App\Controllers\MainController))
 4 SYSTEMPATH\CodeIgniter.php(353): CodeIgniter\CodeIgniter->handleRequest(null, Object(Config\Cache), false)
 5 FCPATH\index.php(85): CodeIgniter\CodeIgniter->run()
CRITICAL - 2023-11-16 02:39:25 --> Undefined property: App\Controllers\MainController::$db
in APPPATH\Controllers\MainController.php on line 39.
 1 APPPATH\Controllers\MainController.php(39): CodeIgniter\Debug\Exceptions->errorHandler(2, 'Undefined property: App\\Controllers\\MainController::$db', 'C:\\laragon\\www\\backend\\app\\Controllers\\MainController.php', 39)
 2 SYSTEMPATH\CodeIgniter.php(919): App\Controllers\MainController->search()
 3 SYSTEMPATH\CodeIgniter.php(494): CodeIgniter\CodeIgniter->runController(Object(App\Controllers\MainController))
 4 SYSTEMPATH\CodeIgniter.php(353): CodeIgniter\CodeIgniter->handleRequest(null, Object(Config\Cache), false)
 5 FCPATH\index.php(85): CodeIgniter\CodeIgniter->run()
CRITICAL - 2023-11-16 02:39:26 --> Undefined property: App\Controllers\MainController::$db
in APPPATH\Controllers\MainController.php on line 39.
 1 APPPATH\Controllers\MainController.php(39): CodeIgniter\Debug\Exceptions->errorHandler(2, 'Undefined property: App\\Controllers\\MainController::$db', 'C:\\laragon\\www\\backend\\app\\Controllers\\MainController.php', 39)
 2 SYSTEMPATH\CodeIgniter.php(919): App\Controllers\MainController->search()
 3 SYSTEMPATH\CodeIgniter.php(494): CodeIgniter\CodeIgniter->runController(Object(App\Controllers\MainController))
 4 SYSTEMPATH\CodeIgniter.php(353): CodeIgniter\CodeIgniter->handleRequest(null, Object(Config\Cache), false)
 5 FCPATH\index.php(85): CodeIgniter\CodeIgniter->run()
CRITICAL - 2023-11-16 02:39:27 --> Undefined property: App\Controllers\MainController::$db
in APPPATH\Controllers\MainController.php on line 39.
 1 APPPATH\Controllers\MainController.php(39): CodeIgniter\Debug\Exceptions->errorHandler(2, 'Undefined property: App\\Controllers\\MainController::$db', 'C:\\laragon\\www\\backend\\app\\Controllers\\MainController.php', 39)
 2 SYSTEMPATH\CodeIgniter.php(919): App\Controllers\MainController->search()
 3 SYSTEMPATH\CodeIgniter.php(494): CodeIgniter\CodeIgniter->runController(Object(App\Controllers\MainController))
 4 SYSTEMPATH\CodeIgniter.php(353): CodeIgniter\CodeIgniter->handleRequest(null, Object(Config\Cache), false)
 5 FCPATH\index.php(85): CodeIgniter\CodeIgniter->run()
CRITICAL - 2023-11-16 02:39:27 --> Undefined property: App\Controllers\MainController::$db
in APPPATH\Controllers\MainController.php on line 39.
 1 APPPATH\Controllers\MainController.php(39): CodeIgniter\Debug\Exceptions->errorHandler(2, 'Undefined property: App\\Controllers\\MainController::$db', 'C:\\laragon\\www\\backend\\app\\Controllers\\MainController.php', 39)
 2 SYSTEMPATH\CodeIgniter.php(919): App\Controllers\MainController->search()
 3 SYSTEMPATH\CodeIgniter.php(494): CodeIgniter\CodeIgniter->runController(Object(App\Controllers\MainController))
 4 SYSTEMPATH\CodeIgniter.php(353): CodeIgniter\CodeIgniter->handleRequest(null, Object(Config\Cache), false)
 5 FCPATH\index.php(85): CodeIgniter\CodeIgniter->run()
CRITICAL - 2023-11-16 02:39:32 --> Undefined property: App\Controllers\MainController::$db
in APPPATH\Controllers\MainController.php on line 39.
 1 APPPATH\Controllers\MainController.php(39): CodeIgniter\Debug\Exceptions->errorHandler(2, 'Undefined property: App\\Controllers\\MainController::$db', 'C:\\laragon\\www\\backend\\app\\Controllers\\MainController.php', 39)
 2 SYSTEMPATH\CodeIgniter.php(919): App\Controllers\MainController->search()
 3 SYSTEMPATH\CodeIgniter.php(494): CodeIgniter\CodeIgniter->runController(Object(App\Controllers\MainController))
 4 SYSTEMPATH\CodeIgniter.php(353): CodeIgniter\CodeIgniter->handleRequest(null, Object(Config\Cache), false)
 5 FCPATH\index.php(85): CodeIgniter\CodeIgniter->run()
CRITICAL - 2023-11-16 02:39:33 --> Undefined property: App\Controllers\MainController::$db
in APPPATH\Controllers\MainController.php on line 39.
 1 APPPATH\Controllers\MainController.php(39): CodeIgniter\Debug\Exceptions->errorHandler(2, 'Undefined property: App\\Controllers\\MainController::$db', 'C:\\laragon\\www\\backend\\app\\Controllers\\MainController.php', 39)
 2 SYSTEMPATH\CodeIgniter.php(919): App\Controllers\MainController->search()
 3 SYSTEMPATH\CodeIgniter.php(494): CodeIgniter\CodeIgniter->runController(Object(App\Controllers\MainController))
 4 SYSTEMPATH\CodeIgniter.php(353): CodeIgniter\CodeIgniter->handleRequest(null, Object(Config\Cache), false)
 5 FCPATH\index.php(85): CodeIgniter\CodeIgniter->run()
CRITICAL - 2023-11-16 02:39:33 --> Undefined property: App\Controllers\MainController::$db
in APPPATH\Controllers\MainController.php on line 39.
 1 APPPATH\Controllers\MainController.php(39): CodeIgniter\Debug\Exceptions->errorHandler(2, 'Undefined property: App\\Controllers\\MainController::$db', 'C:\\laragon\\www\\backend\\app\\Controllers\\MainController.php', 39)
 2 SYSTEMPATH\CodeIgniter.php(919): App\Controllers\MainController->search()
 3 SYSTEMPATH\CodeIgniter.php(494): CodeIgniter\CodeIgniter->runController(Object(App\Controllers\MainController))
 4 SYSTEMPATH\CodeIgniter.php(353): CodeIgniter\CodeIgniter->handleRequest(null, Object(Config\Cache), false)
 5 FCPATH\index.php(85): CodeIgniter\CodeIgniter->run()
CRITICAL - 2023-11-16 02:40:10 --> Undefined property: App\Controllers\MainController::$db
in APPPATH\Controllers\MainController.php on line 39.
 1 APPPATH\Controllers\MainController.php(39): CodeIgniter\Debug\Exceptions->errorHandler(2, 'Undefined property: App\\Controllers\\MainController::$db', 'C:\\laragon\\www\\backend\\app\\Controllers\\MainController.php', 39)
 2 SYSTEMPATH\CodeIgniter.php(919): App\Controllers\MainController->search()
 3 SYSTEMPATH\CodeIgniter.php(494): CodeIgniter\CodeIgniter->runController(Object(App\Controllers\MainController))
 4 SYSTEMPATH\CodeIgniter.php(353): CodeIgniter\CodeIgniter->handleRequest(null, Object(Config\Cache), false)
 5 FCPATH\index.php(85): CodeIgniter\CodeIgniter->run()
CRITICAL - 2023-11-16 02:40:18 --> Undefined property: App\Controllers\MainController::$db
in APPPATH\Controllers\MainController.php on line 39.
 1 APPPATH\Controllers\MainController.php(39): CodeIgniter\Debug\Exceptions->errorHandler(2, 'Undefined property: App\\Controllers\\MainController::$db', 'C:\\laragon\\www\\backend\\app\\Controllers\\MainController.php', 39)
 2 SYSTEMPATH\CodeIgniter.php(919): App\Controllers\MainController->search()
 3 SYSTEMPATH\CodeIgniter.php(494): CodeIgniter\CodeIgniter->runController(Object(App\Controllers\MainController))
 4 SYSTEMPATH\CodeIgniter.php(353): CodeIgniter\CodeIgniter->handleRequest(null, Object(Config\Cache), false)
 5 FCPATH\index.php(85): CodeIgniter\CodeIgniter->run()
CRITICAL - 2023-11-16 02:40:18 --> Undefined property: App\Controllers\MainController::$db
in APPPATH\Controllers\MainController.php on line 39.
 1 APPPATH\Controllers\MainController.php(39): CodeIgniter\Debug\Exceptions->errorHandler(2, 'Undefined property: App\\Controllers\\MainController::$db', 'C:\\laragon\\www\\backend\\app\\Controllers\\MainController.php', 39)
 2 SYSTEMPATH\CodeIgniter.php(919): App\Controllers\MainController->search()
 3 SYSTEMPATH\CodeIgniter.php(494): CodeIgniter\CodeIgniter->runController(Object(App\Controllers\MainController))
 4 SYSTEMPATH\CodeIgniter.php(353): CodeIgniter\CodeIgniter->handleRequest(null, Object(Config\Cache), false)
 5 FCPATH\index.php(85): CodeIgniter\CodeIgniter->run()
CRITICAL - 2023-11-16 02:40:18 --> Undefined property: App\Controllers\MainController::$db
in APPPATH\Controllers\MainController.php on line 39.
 1 APPPATH\Controllers\MainController.php(39): CodeIgniter\Debug\Exceptions->errorHandler(2, 'Undefined property: App\\Controllers\\MainController::$db', 'C:\\laragon\\www\\backend\\app\\Controllers\\MainController.php', 39)
 2 SYSTEMPATH\CodeIgniter.php(919): App\Controllers\MainController->search()
 3 SYSTEMPATH\CodeIgniter.php(494): CodeIgniter\CodeIgniter->runController(Object(App\Controllers\MainController))
 4 SYSTEMPATH\CodeIgniter.php(353): CodeIgniter\CodeIgniter->handleRequest(null, Object(Config\Cache), false)
 5 FCPATH\index.php(85): CodeIgniter\CodeIgniter->run()
CRITICAL - 2023-11-16 02:40:18 --> Undefined property: App\Controllers\MainController::$db
in APPPATH\Controllers\MainController.php on line 39.
 1 APPPATH\Controllers\MainController.php(39): CodeIgniter\Debug\Exceptions->errorHandler(2, 'Undefined property: App\\Controllers\\MainController::$db', 'C:\\laragon\\www\\backend\\app\\Controllers\\MainController.php', 39)
 2 SYSTEMPATH\CodeIgniter.php(919): App\Controllers\MainController->search()
 3 SYSTEMPATH\CodeIgniter.php(494): CodeIgniter\CodeIgniter->runController(Object(App\Controllers\MainController))
 4 SYSTEMPATH\CodeIgniter.php(353): CodeIgniter\CodeIgniter->handleRequest(null, Object(Config\Cache), false)
 5 FCPATH\index.php(85): CodeIgniter\CodeIgniter->run()
CRITICAL - 2023-11-16 02:40:19 --> Undefined property: App\Controllers\MainController::$db
in APPPATH\Controllers\MainController.php on line 39.
 1 APPPATH\Controllers\MainController.php(39): CodeIgniter\Debug\Exceptions->errorHandler(2, 'Undefined property: App\\Controllers\\MainController::$db', 'C:\\laragon\\www\\backend\\app\\Controllers\\MainController.php', 39)
 2 SYSTEMPATH\CodeIgniter.php(919): App\Controllers\MainController->search()
 3 SYSTEMPATH\CodeIgniter.php(494): CodeIgniter\CodeIgniter->runController(Object(App\Controllers\MainController))
 4 SYSTEMPATH\CodeIgniter.php(353): CodeIgniter\CodeIgniter->handleRequest(null, Object(Config\Cache), false)
 5 FCPATH\index.php(85): CodeIgniter\CodeIgniter->run()
CRITICAL - 2023-11-16 02:40:19 --> Undefined property: App\Controllers\MainController::$db
in APPPATH\Controllers\MainController.php on line 39.
 1 APPPATH\Controllers\MainController.php(39): CodeIgniter\Debug\Exceptions->errorHandler(2, 'Undefined property: App\\Controllers\\MainController::$db', 'C:\\laragon\\www\\backend\\app\\Controllers\\MainController.php', 39)
 2 SYSTEMPATH\CodeIgniter.php(919): App\Controllers\MainController->search()
 3 SYSTEMPATH\CodeIgniter.php(494): CodeIgniter\CodeIgniter->runController(Object(App\Controllers\MainController))
 4 SYSTEMPATH\CodeIgniter.php(353): CodeIgniter\CodeIgniter->handleRequest(null, Object(Config\Cache), false)
 5 FCPATH\index.php(85): CodeIgniter\CodeIgniter->run()
CRITICAL - 2023-11-16 02:40:20 --> Undefined property: App\Controllers\MainController::$db
in APPPATH\Controllers\MainController.php on line 39.
 1 APPPATH\Controllers\MainController.php(39): CodeIgniter\Debug\Exceptions->errorHandler(2, 'Undefined property: App\\Controllers\\MainController::$db', 'C:\\laragon\\www\\backend\\app\\Controllers\\MainController.php', 39)
 2 SYSTEMPATH\CodeIgniter.php(919): App\Controllers\MainController->search()
 3 SYSTEMPATH\CodeIgniter.php(494): CodeIgniter\CodeIgniter->runController(Object(App\Controllers\MainController))
 4 SYSTEMPATH\CodeIgniter.php(353): CodeIgniter\CodeIgniter->handleRequest(null, Object(Config\Cache), false)
 5 FCPATH\index.php(85): CodeIgniter\CodeIgniter->run()
CRITICAL - 2023-11-16 02:40:20 --> Undefined property: App\Controllers\MainController::$db
in APPPATH\Controllers\MainController.php on line 39.
 1 APPPATH\Controllers\MainController.php(39): CodeIgniter\Debug\Exceptions->errorHandler(2, 'Undefined property: App\\Controllers\\MainController::$db', 'C:\\laragon\\www\\backend\\app\\Controllers\\MainController.php', 39)
 2 SYSTEMPATH\CodeIgniter.php(919): App\Controllers\MainController->search()
 3 SYSTEMPATH\CodeIgniter.php(494): CodeIgniter\CodeIgniter->runController(Object(App\Controllers\MainController))
 4 SYSTEMPATH\CodeIgniter.php(353): CodeIgniter\CodeIgniter->handleRequest(null, Object(Config\Cache), false)
 5 FCPATH\index.php(85): CodeIgniter\CodeIgniter->run()
CRITICAL - 2023-11-16 02:40:54 --> Undefined property: App\Controllers\MainController::$db
in APPPATH\Controllers\MainController.php on line 39.
 1 APPPATH\Controllers\MainController.php(39): CodeIgniter\Debug\Exceptions->errorHandler(2, 'Undefined property: App\\Controllers\\MainController::$db', 'C:\\laragon\\www\\backend\\app\\Controllers\\MainController.php', 39)
 2 SYSTEMPATH\CodeIgniter.php(919): App\Controllers\MainController->search()
 3 SYSTEMPATH\CodeIgniter.php(494): CodeIgniter\CodeIgniter->runController(Object(App\Controllers\MainController))
 4 SYSTEMPATH\CodeIgniter.php(353): CodeIgniter\CodeIgniter->handleRequest(null, Object(Config\Cache), false)
 5 FCPATH\index.php(85): CodeIgniter\CodeIgniter->run()
CRITICAL - 2023-11-16 02:40:54 --> Undefined property: App\Controllers\MainController::$db
in APPPATH\Controllers\MainController.php on line 39.
 1 APPPATH\Controllers\MainController.php(39): CodeIgniter\Debug\Exceptions->errorHandler(2, 'Undefined property: App\\Controllers\\MainController::$db', 'C:\\laragon\\www\\backend\\app\\Controllers\\MainController.php', 39)
 2 SYSTEMPATH\CodeIgniter.php(919): App\Controllers\MainController->search()
 3 SYSTEMPATH\CodeIgniter.php(494): CodeIgniter\CodeIgniter->runController(Object(App\Controllers\MainController))
 4 SYSTEMPATH\CodeIgniter.php(353): CodeIgniter\CodeIgniter->handleRequest(null, Object(Config\Cache), false)
 5 FCPATH\index.php(85): CodeIgniter\CodeIgniter->run()
CRITICAL - 2023-11-16 02:40:54 --> Undefined property: App\Controllers\MainController::$db
in APPPATH\Controllers\MainController.php on line 39.
 1 APPPATH\Controllers\MainController.php(39): CodeIgniter\Debug\Exceptions->errorHandler(2, 'Undefined property: App\\Controllers\\MainController::$db', 'C:\\laragon\\www\\backend\\app\\Controllers\\MainController.php', 39)
 2 SYSTEMPATH\CodeIgniter.php(919): App\Controllers\MainController->search()
 3 SYSTEMPATH\CodeIgniter.php(494): CodeIgniter\CodeIgniter->runController(Object(App\Controllers\MainController))
 4 SYSTEMPATH\CodeIgniter.php(353): CodeIgniter\CodeIgniter->handleRequest(null, Object(Config\Cache), false)
 5 FCPATH\index.php(85): CodeIgniter\CodeIgniter->run()
CRITICAL - 2023-11-16 02:40:54 --> Undefined property: App\Controllers\MainController::$db
in APPPATH\Controllers\MainController.php on line 39.
 1 APPPATH\Controllers\MainController.php(39): CodeIgniter\Debug\Exceptions->errorHandler(2, 'Undefined property: App\\Controllers\\MainController::$db', 'C:\\laragon\\www\\backend\\app\\Controllers\\MainController.php', 39)
 2 SYSTEMPATH\CodeIgniter.php(919): App\Controllers\MainController->search()
 3 SYSTEMPATH\CodeIgniter.php(494): CodeIgniter\CodeIgniter->runController(Object(App\Controllers\MainController))
 4 SYSTEMPATH\CodeIgniter.php(353): CodeIgniter\CodeIgniter->handleRequest(null, Object(Config\Cache), false)
 5 FCPATH\index.php(85): CodeIgniter\CodeIgniter->run()
CRITICAL - 2023-11-16 02:42:23 --> Undefined property: App\Controllers\MainController::$db
in APPPATH\Controllers\MainController.php on line 39.
 1 APPPATH\Controllers\MainController.php(39): CodeIgniter\Debug\Exceptions->errorHandler(2, 'Undefined property: App\\Controllers\\MainController::$db', 'C:\\laragon\\www\\backend\\app\\Controllers\\MainController.php', 39)
 2 SYSTEMPATH\CodeIgniter.php(919): App\Controllers\MainController->search()
 3 SYSTEMPATH\CodeIgniter.php(494): CodeIgniter\CodeIgniter->runController(Object(App\Controllers\MainController))
 4 SYSTEMPATH\CodeIgniter.php(353): CodeIgniter\CodeIgniter->handleRequest(null, Object(Config\Cache), false)
 5 FCPATH\index.php(85): CodeIgniter\CodeIgniter->run()
CRITICAL - 2023-11-16 02:42:23 --> Undefined property: App\Controllers\MainController::$db
in APPPATH\Controllers\MainController.php on line 39.
 1 APPPATH\Controllers\MainController.php(39): CodeIgniter\Debug\Exceptions->errorHandler(2, 'Undefined property: App\\Controllers\\MainController::$db', 'C:\\laragon\\www\\backend\\app\\Controllers\\MainController.php', 39)
 2 SYSTEMPATH\CodeIgniter.php(919): App\Controllers\MainController->search()
 3 SYSTEMPATH\CodeIgniter.php(494): CodeIgniter\CodeIgniter->runController(Object(App\Controllers\MainController))
 4 SYSTEMPATH\CodeIgniter.php(353): CodeIgniter\CodeIgniter->handleRequest(null, Object(Config\Cache), false)
 5 FCPATH\index.php(85): CodeIgniter\CodeIgniter->run()
CRITICAL - 2023-11-16 02:42:23 --> Undefined property: App\Controllers\MainController::$db
in APPPATH\Controllers\MainController.php on line 39.
 1 APPPATH\Controllers\MainController.php(39): CodeIgniter\Debug\Exceptions->errorHandler(2, 'Undefined property: App\\Controllers\\MainController::$db', 'C:\\laragon\\www\\backend\\app\\Controllers\\MainController.php', 39)
 2 SYSTEMPATH\CodeIgniter.php(919): App\Controllers\MainController->search()
 3 SYSTEMPATH\CodeIgniter.php(494): CodeIgniter\CodeIgniter->runController(Object(App\Controllers\MainController))
 4 SYSTEMPATH\CodeIgniter.php(353): CodeIgniter\CodeIgniter->handleRequest(null, Object(Config\Cache), false)
 5 FCPATH\index.php(85): CodeIgniter\CodeIgniter->run()
CRITICAL - 2023-11-16 02:42:23 --> Undefined property: App\Controllers\MainController::$db
in APPPATH\Controllers\MainController.php on line 39.
 1 APPPATH\Controllers\MainController.php(39): CodeIgniter\Debug\Exceptions->errorHandler(2, 'Undefined property: App\\Controllers\\MainController::$db', 'C:\\laragon\\www\\backend\\app\\Controllers\\MainController.php', 39)
 2 SYSTEMPATH\CodeIgniter.php(919): App\Controllers\MainController->search()
 3 SYSTEMPATH\CodeIgniter.php(494): CodeIgniter\CodeIgniter->runController(Object(App\Controllers\MainController))
 4 SYSTEMPATH\CodeIgniter.php(353): CodeIgniter\CodeIgniter->handleRequest(null, Object(Config\Cache), false)
 5 FCPATH\index.php(85): CodeIgniter\CodeIgniter->run()
CRITICAL - 2023-11-16 02:42:24 --> Undefined property: App\Controllers\MainController::$db
in APPPATH\Controllers\MainController.php on line 39.
 1 APPPATH\Controllers\MainController.php(39): CodeIgniter\Debug\Exceptions->errorHandler(2, 'Undefined property: App\\Controllers\\MainController::$db', 'C:\\laragon\\www\\backend\\app\\Controllers\\MainController.php', 39)
 2 SYSTEMPATH\CodeIgniter.php(919): App\Controllers\MainController->search()
 3 SYSTEMPATH\CodeIgniter.php(494): CodeIgniter\CodeIgniter->runController(Object(App\Controllers\MainController))
 4 SYSTEMPATH\CodeIgniter.php(353): CodeIgniter\CodeIgniter->handleRequest(null, Object(Config\Cache), false)
 5 FCPATH\index.php(85): CodeIgniter\CodeIgniter->run()
CRITICAL - 2023-11-16 02:42:24 --> Undefined property: App\Controllers\MainController::$db
in APPPATH\Controllers\MainController.php on line 39.
 1 APPPATH\Controllers\MainController.php(39): CodeIgniter\Debug\Exceptions->errorHandler(2, 'Undefined property: App\\Controllers\\MainController::$db', 'C:\\laragon\\www\\backend\\app\\Controllers\\MainController.php', 39)
 2 SYSTEMPATH\CodeIgniter.php(919): App\Controllers\MainController->search()
 3 SYSTEMPATH\CodeIgniter.php(494): CodeIgniter\CodeIgniter->runController(Object(App\Controllers\MainController))
 4 SYSTEMPATH\CodeIgniter.php(353): CodeIgniter\CodeIgniter->handleRequest(null, Object(Config\Cache), false)
 5 FCPATH\index.php(85): CodeIgniter\CodeIgniter->run()
CRITICAL - 2023-11-16 02:42:24 --> Undefined property: App\Controllers\MainController::$db
in APPPATH\Controllers\MainController.php on line 39.
 1 APPPATH\Controllers\MainController.php(39): CodeIgniter\Debug\Exceptions->errorHandler(2, 'Undefined property: App\\Controllers\\MainController::$db', 'C:\\laragon\\www\\backend\\app\\Controllers\\MainController.php', 39)
 2 SYSTEMPATH\CodeIgniter.php(919): App\Controllers\MainController->search()
 3 SYSTEMPATH\CodeIgniter.php(494): CodeIgniter\CodeIgniter->runController(Object(App\Controllers\MainController))
 4 SYSTEMPATH\CodeIgniter.php(353): CodeIgniter\CodeIgniter->handleRequest(null, Object(Config\Cache), false)
 5 FCPATH\index.php(85): CodeIgniter\CodeIgniter->run()
CRITICAL - 2023-11-16 02:42:26 --> Undefined property: App\Controllers\MainController::$db
in APPPATH\Controllers\MainController.php on line 39.
 1 APPPATH\Controllers\MainController.php(39): CodeIgniter\Debug\Exceptions->errorHandler(2, 'Undefined property: App\\Controllers\\MainController::$db', 'C:\\laragon\\www\\backend\\app\\Controllers\\MainController.php', 39)
 2 SYSTEMPATH\CodeIgniter.php(919): App\Controllers\MainController->search()
 3 SYSTEMPATH\CodeIgniter.php(494): CodeIgniter\CodeIgniter->runController(Object(App\Controllers\MainController))
 4 SYSTEMPATH\CodeIgniter.php(353): CodeIgniter\CodeIgniter->handleRequest(null, Object(Config\Cache), false)
 5 FCPATH\index.php(85): CodeIgniter\CodeIgniter->run()
CRITICAL - 2023-11-16 02:42:27 --> Undefined property: App\Controllers\MainController::$db
in APPPATH\Controllers\MainController.php on line 39.
 1 APPPATH\Controllers\MainController.php(39): CodeIgniter\Debug\Exceptions->errorHandler(2, 'Undefined property: App\\Controllers\\MainController::$db', 'C:\\laragon\\www\\backend\\app\\Controllers\\MainController.php', 39)
 2 SYSTEMPATH\CodeIgniter.php(919): App\Controllers\MainController->search()
 3 SYSTEMPATH\CodeIgniter.php(494): CodeIgniter\CodeIgniter->runController(Object(App\Controllers\MainController))
 4 SYSTEMPATH\CodeIgniter.php(353): CodeIgniter\CodeIgniter->handleRequest(null, Object(Config\Cache), false)
 5 FCPATH\index.php(85): CodeIgniter\CodeIgniter->run()
CRITICAL - 2023-11-16 02:44:54 --> Undefined property: App\Controllers\MainController::$db
in APPPATH\Controllers\MainController.php on line 57.
 1 APPPATH\Controllers\MainController.php(57): CodeIgniter\Debug\Exceptions->errorHandler(2, 'Undefined property: App\\Controllers\\MainController::$db', 'C:\\laragon\\www\\backend\\app\\Controllers\\MainController.php', 57)
 2 SYSTEMPATH\CodeIgniter.php(919): App\Controllers\MainController->search()
 3 SYSTEMPATH\CodeIgniter.php(494): CodeIgniter\CodeIgniter->runController(Object(App\Controllers\MainController))
 4 SYSTEMPATH\CodeIgniter.php(353): CodeIgniter\CodeIgniter->handleRequest(null, Object(Config\Cache), false)
 5 FCPATH\index.php(85): CodeIgniter\CodeIgniter->run()
CRITICAL - 2023-11-16 02:44:55 --> Undefined property: App\Controllers\MainController::$db
in APPPATH\Controllers\MainController.php on line 57.
 1 APPPATH\Controllers\MainController.php(57): CodeIgniter\Debug\Exceptions->errorHandler(2, 'Undefined property: App\\Controllers\\MainController::$db', 'C:\\laragon\\www\\backend\\app\\Controllers\\MainController.php', 57)
 2 SYSTEMPATH\CodeIgniter.php(919): App\Controllers\MainController->search()
 3 SYSTEMPATH\CodeIgniter.php(494): CodeIgniter\CodeIgniter->runController(Object(App\Controllers\MainController))
 4 SYSTEMPATH\CodeIgniter.php(353): CodeIgniter\CodeIgniter->handleRequest(null, Object(Config\Cache), false)
 5 FCPATH\index.php(85): CodeIgniter\CodeIgniter->run()
CRITICAL - 2023-11-16 02:44:55 --> Undefined property: App\Controllers\MainController::$db
in APPPATH\Controllers\MainController.php on line 57.
 1 APPPATH\Controllers\MainController.php(57): CodeIgniter\Debug\Exceptions->errorHandler(2, 'Undefined property: App\\Controllers\\MainController::$db', 'C:\\laragon\\www\\backend\\app\\Controllers\\MainController.php', 57)
 2 SYSTEMPATH\CodeIgniter.php(919): App\Controllers\MainController->search()
 3 SYSTEMPATH\CodeIgniter.php(494): CodeIgniter\CodeIgniter->runController(Object(App\Controllers\MainController))
 4 SYSTEMPATH\CodeIgniter.php(353): CodeIgniter\CodeIgniter->handleRequest(null, Object(Config\Cache), false)
 5 FCPATH\index.php(85): CodeIgniter\CodeIgniter->run()
CRITICAL - 2023-11-16 02:44:55 --> Undefined property: App\Controllers\MainController::$db
in APPPATH\Controllers\MainController.php on line 57.
 1 APPPATH\Controllers\MainController.php(57): CodeIgniter\Debug\Exceptions->errorHandler(2, 'Undefined property: App\\Controllers\\MainController::$db', 'C:\\laragon\\www\\backend\\app\\Controllers\\MainController.php', 57)
 2 SYSTEMPATH\CodeIgniter.php(919): App\Controllers\MainController->search()
 3 SYSTEMPATH\CodeIgniter.php(494): CodeIgniter\CodeIgniter->runController(Object(App\Controllers\MainController))
 4 SYSTEMPATH\CodeIgniter.php(353): CodeIgniter\CodeIgniter->handleRequest(null, Object(Config\Cache), false)
 5 FCPATH\index.php(85): CodeIgniter\CodeIgniter->run()
CRITICAL - 2023-11-16 02:44:56 --> Undefined property: App\Controllers\MainController::$db
in APPPATH\Controllers\MainController.php on line 57.
 1 APPPATH\Controllers\MainController.php(57): CodeIgniter\Debug\Exceptions->errorHandler(2, 'Undefined property: App\\Controllers\\MainController::$db', 'C:\\laragon\\www\\backend\\app\\Controllers\\MainController.php', 57)
 2 SYSTEMPATH\CodeIgniter.php(919): App\Controllers\MainController->search()
 3 SYSTEMPATH\CodeIgniter.php(494): CodeIgniter\CodeIgniter->runController(Object(App\Controllers\MainController))
 4 SYSTEMPATH\CodeIgniter.php(353): CodeIgniter\CodeIgniter->handleRequest(null, Object(Config\Cache), false)
 5 FCPATH\index.php(85): CodeIgniter\CodeIgniter->run()
CRITICAL - 2023-11-16 02:46:05 --> Undefined property: App\Controllers\MainController::$db
in APPPATH\Controllers\MainController.php on line 57.
 1 APPPATH\Controllers\MainController.php(57): CodeIgniter\Debug\Exceptions->errorHandler(2, 'Undefined property: App\\Controllers\\MainController::$db', 'C:\\laragon\\www\\backend\\app\\Controllers\\MainController.php', 57)
 2 SYSTEMPATH\CodeIgniter.php(919): App\Controllers\MainController->search()
 3 SYSTEMPATH\CodeIgniter.php(494): CodeIgniter\CodeIgniter->runController(Object(App\Controllers\MainController))
 4 SYSTEMPATH\CodeIgniter.php(353): CodeIgniter\CodeIgniter->handleRequest(null, Object(Config\Cache), false)
 5 FCPATH\index.php(85): CodeIgniter\CodeIgniter->run()
CRITICAL - 2023-11-16 02:46:06 --> Undefined property: App\Controllers\MainController::$db
in APPPATH\Controllers\MainController.php on line 57.
 1 APPPATH\Controllers\MainController.php(57): CodeIgniter\Debug\Exceptions->errorHandler(2, 'Undefined property: App\\Controllers\\MainController::$db', 'C:\\laragon\\www\\backend\\app\\Controllers\\MainController.php', 57)
 2 SYSTEMPATH\CodeIgniter.php(919): App\Controllers\MainController->search()
 3 SYSTEMPATH\CodeIgniter.php(494): CodeIgniter\CodeIgniter->runController(Object(App\Controllers\MainController))
 4 SYSTEMPATH\CodeIgniter.php(353): CodeIgniter\CodeIgniter->handleRequest(null, Object(Config\Cache), false)
 5 FCPATH\index.php(85): CodeIgniter\CodeIgniter->run()
CRITICAL - 2023-11-16 02:46:06 --> Undefined property: App\Controllers\MainController::$db
in APPPATH\Controllers\MainController.php on line 57.
 1 APPPATH\Controllers\MainController.php(57): CodeIgniter\Debug\Exceptions->errorHandler(2, 'Undefined property: App\\Controllers\\MainController::$db', 'C:\\laragon\\www\\backend\\app\\Controllers\\MainController.php', 57)
 2 SYSTEMPATH\CodeIgniter.php(919): App\Controllers\MainController->search()
 3 SYSTEMPATH\CodeIgniter.php(494): CodeIgniter\CodeIgniter->runController(Object(App\Controllers\MainController))
 4 SYSTEMPATH\CodeIgniter.php(353): CodeIgniter\CodeIgniter->handleRequest(null, Object(Config\Cache), false)
 5 FCPATH\index.php(85): CodeIgniter\CodeIgniter->run()
CRITICAL - 2023-11-16 02:46:06 --> Undefined property: App\Controllers\MainController::$db
in APPPATH\Controllers\MainController.php on line 57.
 1 APPPATH\Controllers\MainController.php(57): CodeIgniter\Debug\Exceptions->errorHandler(2, 'Undefined property: App\\Controllers\\MainController::$db', 'C:\\laragon\\www\\backend\\app\\Controllers\\MainController.php', 57)
 2 SYSTEMPATH\CodeIgniter.php(919): App\Controllers\MainController->search()
 3 SYSTEMPATH\CodeIgniter.php(494): CodeIgniter\CodeIgniter->runController(Object(App\Controllers\MainController))
 4 SYSTEMPATH\CodeIgniter.php(353): CodeIgniter\CodeIgniter->handleRequest(null, Object(Config\Cache), false)
 5 FCPATH\index.php(85): CodeIgniter\CodeIgniter->run()
CRITICAL - 2023-11-16 02:46:07 --> Undefined property: App\Controllers\MainController::$db
in APPPATH\Controllers\MainController.php on line 57.
 1 APPPATH\Controllers\MainController.php(57): CodeIgniter\Debug\Exceptions->errorHandler(2, 'Undefined property: App\\Controllers\\MainController::$db', 'C:\\laragon\\www\\backend\\app\\Controllers\\MainController.php', 57)
 2 SYSTEMPATH\CodeIgniter.php(919): App\Controllers\MainController->search()
 3 SYSTEMPATH\CodeIgniter.php(494): CodeIgniter\CodeIgniter->runController(Object(App\Controllers\MainController))
 4 SYSTEMPATH\CodeIgniter.php(353): CodeIgniter\CodeIgniter->handleRequest(null, Object(Config\Cache), false)
 5 FCPATH\index.php(85): CodeIgniter\CodeIgniter->run()
CRITICAL - 2023-11-16 02:46:07 --> Undefined property: App\Controllers\MainController::$db
in APPPATH\Controllers\MainController.php on line 57.
 1 APPPATH\Controllers\MainController.php(57): CodeIgniter\Debug\Exceptions->errorHandler(2, 'Undefined property: App\\Controllers\\MainController::$db', 'C:\\laragon\\www\\backend\\app\\Controllers\\MainController.php', 57)
 2 SYSTEMPATH\CodeIgniter.php(919): App\Controllers\MainController->search()
 3 SYSTEMPATH\CodeIgniter.php(494): CodeIgniter\CodeIgniter->runController(Object(App\Controllers\MainController))
 4 SYSTEMPATH\CodeIgniter.php(353): CodeIgniter\CodeIgniter->handleRequest(null, Object(Config\Cache), false)
 5 FCPATH\index.php(85): CodeIgniter\CodeIgniter->run()
CRITICAL - 2023-11-16 02:46:07 --> Undefined property: App\Controllers\MainController::$db
in APPPATH\Controllers\MainController.php on line 57.
 1 APPPATH\Controllers\MainController.php(57): CodeIgniter\Debug\Exceptions->errorHandler(2, 'Undefined property: App\\Controllers\\MainController::$db', 'C:\\laragon\\www\\backend\\app\\Controllers\\MainController.php', 57)
 2 SYSTEMPATH\CodeIgniter.php(919): App\Controllers\MainController->search()
 3 SYSTEMPATH\CodeIgniter.php(494): CodeIgniter\CodeIgniter->runController(Object(App\Controllers\MainController))
 4 SYSTEMPATH\CodeIgniter.php(353): CodeIgniter\CodeIgniter->handleRequest(null, Object(Config\Cache), false)
 5 FCPATH\index.php(85): CodeIgniter\CodeIgniter->run()
CRITICAL - 2023-11-16 02:46:07 --> Undefined property: App\Controllers\MainController::$db
in APPPATH\Controllers\MainController.php on line 57.
 1 APPPATH\Controllers\MainController.php(57): CodeIgniter\Debug\Exceptions->errorHandler(2, 'Undefined property: App\\Controllers\\MainController::$db', 'C:\\laragon\\www\\backend\\app\\Controllers\\MainController.php', 57)
 2 SYSTEMPATH\CodeIgniter.php(919): App\Controllers\MainController->search()
 3 SYSTEMPATH\CodeIgniter.php(494): CodeIgniter\CodeIgniter->runController(Object(App\Controllers\MainController))
 4 SYSTEMPATH\CodeIgniter.php(353): CodeIgniter\CodeIgniter->handleRequest(null, Object(Config\Cache), false)
 5 FCPATH\index.php(85): CodeIgniter\CodeIgniter->run()
CRITICAL - 2023-11-16 02:46:08 --> Undefined property: App\Controllers\MainController::$db
in APPPATH\Controllers\MainController.php on line 57.
 1 APPPATH\Controllers\MainController.php(57): CodeIgniter\Debug\Exceptions->errorHandler(2, 'Undefined property: App\\Controllers\\MainController::$db', 'C:\\laragon\\www\\backend\\app\\Controllers\\MainController.php', 57)
 2 SYSTEMPATH\CodeIgniter.php(919): App\Controllers\MainController->search()
 3 SYSTEMPATH\CodeIgniter.php(494): CodeIgniter\CodeIgniter->runController(Object(App\Controllers\MainController))
 4 SYSTEMPATH\CodeIgniter.php(353): CodeIgniter\CodeIgniter->handleRequest(null, Object(Config\Cache), false)
 5 FCPATH\index.php(85): CodeIgniter\CodeIgniter->run()
CRITICAL - 2023-11-16 02:46:08 --> Undefined property: App\Controllers\MainController::$db
in APPPATH\Controllers\MainController.php on line 57.
 1 APPPATH\Controllers\MainController.php(57): CodeIgniter\Debug\Exceptions->errorHandler(2, 'Undefined property: App\\Controllers\\MainController::$db', 'C:\\laragon\\www\\backend\\app\\Controllers\\MainController.php', 57)
 2 SYSTEMPATH\CodeIgniter.php(919): App\Controllers\MainController->search()
 3 SYSTEMPATH\CodeIgniter.php(494): CodeIgniter\CodeIgniter->runController(Object(App\Controllers\MainController))
 4 SYSTEMPATH\CodeIgniter.php(353): CodeIgniter\CodeIgniter->handleRequest(null, Object(Config\Cache), false)
 5 FCPATH\index.php(85): CodeIgniter\CodeIgniter->run()
CRITICAL - 2023-11-16 02:46:08 --> Undefined property: App\Controllers\MainController::$db
in APPPATH\Controllers\MainController.php on line 57.
 1 APPPATH\Controllers\MainController.php(57): CodeIgniter\Debug\Exceptions->errorHandler(2, 'Undefined property: App\\Controllers\\MainController::$db', 'C:\\laragon\\www\\backend\\app\\Controllers\\MainController.php', 57)
 2 SYSTEMPATH\CodeIgniter.php(919): App\Controllers\MainController->search()
 3 SYSTEMPATH\CodeIgniter.php(494): CodeIgniter\CodeIgniter->runController(Object(App\Controllers\MainController))
 4 SYSTEMPATH\CodeIgniter.php(353): CodeIgniter\CodeIgniter->handleRequest(null, Object(Config\Cache), false)
 5 FCPATH\index.php(85): CodeIgniter\CodeIgniter->run()
CRITICAL - 2023-11-16 02:46:08 --> Undefined property: App\Controllers\MainController::$db
in APPPATH\Controllers\MainController.php on line 57.
 1 APPPATH\Controllers\MainController.php(57): CodeIgniter\Debug\Exceptions->errorHandler(2, 'Undefined property: App\\Controllers\\MainController::$db', 'C:\\laragon\\www\\backend\\app\\Controllers\\MainController.php', 57)
 2 SYSTEMPATH\CodeIgniter.php(919): App\Controllers\MainController->search()
 3 SYSTEMPATH\CodeIgniter.php(494): CodeIgniter\CodeIgniter->runController(Object(App\Controllers\MainController))
 4 SYSTEMPATH\CodeIgniter.php(353): CodeIgniter\CodeIgniter->handleRequest(null, Object(Config\Cache), false)
 5 FCPATH\index.php(85): CodeIgniter\CodeIgniter->run()
CRITICAL - 2023-11-16 02:46:09 --> Undefined property: App\Controllers\MainController::$db
in APPPATH\Controllers\MainController.php on line 57.
 1 APPPATH\Controllers\MainController.php(57): CodeIgniter\Debug\Exceptions->errorHandler(2, 'Undefined property: App\\Controllers\\MainController::$db', 'C:\\laragon\\www\\backend\\app\\Controllers\\MainController.php', 57)
 2 SYSTEMPATH\CodeIgniter.php(919): App\Controllers\MainController->search()
 3 SYSTEMPATH\CodeIgniter.php(494): CodeIgniter\CodeIgniter->runController(Object(App\Controllers\MainController))
 4 SYSTEMPATH\CodeIgniter.php(353): CodeIgniter\CodeIgniter->handleRequest(null, Object(Config\Cache), false)
 5 FCPATH\index.php(85): CodeIgniter\CodeIgniter->run()
CRITICAL - 2023-11-16 02:46:09 --> Undefined property: App\Controllers\MainController::$db
in APPPATH\Controllers\MainController.php on line 57.
 1 APPPATH\Controllers\MainController.php(57): CodeIgniter\Debug\Exceptions->errorHandler(2, 'Undefined property: App\\Controllers\\MainController::$db', 'C:\\laragon\\www\\backend\\app\\Controllers\\MainController.php', 57)
 2 SYSTEMPATH\CodeIgniter.php(919): App\Controllers\MainController->search()
 3 SYSTEMPATH\CodeIgniter.php(494): CodeIgniter\CodeIgniter->runController(Object(App\Controllers\MainController))
 4 SYSTEMPATH\CodeIgniter.php(353): CodeIgniter\CodeIgniter->handleRequest(null, Object(Config\Cache), false)
 5 FCPATH\index.php(85): CodeIgniter\CodeIgniter->run()
CRITICAL - 2023-11-16 02:46:10 --> Undefined property: App\Controllers\MainController::$db
in APPPATH\Controllers\MainController.php on line 57.
 1 APPPATH\Controllers\MainController.php(57): CodeIgniter\Debug\Exceptions->errorHandler(2, 'Undefined property: App\\Controllers\\MainController::$db', 'C:\\laragon\\www\\backend\\app\\Controllers\\MainController.php', 57)
 2 SYSTEMPATH\CodeIgniter.php(919): App\Controllers\MainController->search()
 3 SYSTEMPATH\CodeIgniter.php(494): CodeIgniter\CodeIgniter->runController(Object(App\Controllers\MainController))
 4 SYSTEMPATH\CodeIgniter.php(353): CodeIgniter\CodeIgniter->handleRequest(null, Object(Config\Cache), false)
 5 FCPATH\index.php(85): CodeIgniter\CodeIgniter->run()
CRITICAL - 2023-11-16 02:46:10 --> Undefined property: App\Controllers\MainController::$db
in APPPATH\Controllers\MainController.php on line 57.
 1 APPPATH\Controllers\MainController.php(57): CodeIgniter\Debug\Exceptions->errorHandler(2, 'Undefined property: App\\Controllers\\MainController::$db', 'C:\\laragon\\www\\backend\\app\\Controllers\\MainController.php', 57)
 2 SYSTEMPATH\CodeIgniter.php(919): App\Controllers\MainController->search()
 3 SYSTEMPATH\CodeIgniter.php(494): CodeIgniter\CodeIgniter->runController(Object(App\Controllers\MainController))
 4 SYSTEMPATH\CodeIgniter.php(353): CodeIgniter\CodeIgniter->handleRequest(null, Object(Config\Cache), false)
 5 FCPATH\index.php(85): CodeIgniter\CodeIgniter->run()
CRITICAL - 2023-11-16 02:46:10 --> Undefined property: App\Controllers\MainController::$db
in APPPATH\Controllers\MainController.php on line 57.
 1 APPPATH\Controllers\MainController.php(57): CodeIgniter\Debug\Exceptions->errorHandler(2, 'Undefined property: App\\Controllers\\MainController::$db', 'C:\\laragon\\www\\backend\\app\\Controllers\\MainController.php', 57)
 2 SYSTEMPATH\CodeIgniter.php(919): App\Controllers\MainController->search()
 3 SYSTEMPATH\CodeIgniter.php(494): CodeIgniter\CodeIgniter->runController(Object(App\Controllers\MainController))
 4 SYSTEMPATH\CodeIgniter.php(353): CodeIgniter\CodeIgniter->handleRequest(null, Object(Config\Cache), false)
 5 FCPATH\index.php(85): CodeIgniter\CodeIgniter->run()
CRITICAL - 2023-11-16 02:46:10 --> Undefined property: App\Controllers\MainController::$db
in APPPATH\Controllers\MainController.php on line 57.
 1 APPPATH\Controllers\MainController.php(57): CodeIgniter\Debug\Exceptions->errorHandler(2, 'Undefined property: App\\Controllers\\MainController::$db', 'C:\\laragon\\www\\backend\\app\\Controllers\\MainController.php', 57)
 2 SYSTEMPATH\CodeIgniter.php(919): App\Controllers\MainController->search()
 3 SYSTEMPATH\CodeIgniter.php(494): CodeIgniter\CodeIgniter->runController(Object(App\Controllers\MainController))
 4 SYSTEMPATH\CodeIgniter.php(353): CodeIgniter\CodeIgniter->handleRequest(null, Object(Config\Cache), false)
 5 FCPATH\index.php(85): CodeIgniter\CodeIgniter->run()
CRITICAL - 2023-11-16 02:46:11 --> Undefined property: App\Controllers\MainController::$db
in APPPATH\Controllers\MainController.php on line 57.
 1 APPPATH\Controllers\MainController.php(57): CodeIgniter\Debug\Exceptions->errorHandler(2, 'Undefined property: App\\Controllers\\MainController::$db', 'C:\\laragon\\www\\backend\\app\\Controllers\\MainController.php', 57)
 2 SYSTEMPATH\CodeIgniter.php(919): App\Controllers\MainController->search()
 3 SYSTEMPATH\CodeIgniter.php(494): CodeIgniter\CodeIgniter->runController(Object(App\Controllers\MainController))
 4 SYSTEMPATH\CodeIgniter.php(353): CodeIgniter\CodeIgniter->handleRequest(null, Object(Config\Cache), false)
 5 FCPATH\index.php(85): CodeIgniter\CodeIgniter->run()
CRITICAL - 2023-11-16 02:46:11 --> Undefined property: App\Controllers\MainController::$db
in APPPATH\Controllers\MainController.php on line 57.
 1 APPPATH\Controllers\MainController.php(57): CodeIgniter\Debug\Exceptions->errorHandler(2, 'Undefined property: App\\Controllers\\MainController::$db', 'C:\\laragon\\www\\backend\\app\\Controllers\\MainController.php', 57)
 2 SYSTEMPATH\CodeIgniter.php(919): App\Controllers\MainController->search()
 3 SYSTEMPATH\CodeIgniter.php(494): CodeIgniter\CodeIgniter->runController(Object(App\Controllers\MainController))
 4 SYSTEMPATH\CodeIgniter.php(353): CodeIgniter\CodeIgniter->handleRequest(null, Object(Config\Cache), false)
 5 FCPATH\index.php(85): CodeIgniter\CodeIgniter->run()
CRITICAL - 2023-11-16 02:46:27 --> Undefined property: App\Controllers\MainController::$db
in APPPATH\Controllers\MainController.php on line 57.
 1 APPPATH\Controllers\MainController.php(57): CodeIgniter\Debug\Exceptions->errorHandler(2, 'Undefined property: App\\Controllers\\MainController::$db', 'C:\\laragon\\www\\backend\\app\\Controllers\\MainController.php', 57)
 2 SYSTEMPATH\CodeIgniter.php(919): App\Controllers\MainController->search()
 3 SYSTEMPATH\CodeIgniter.php(494): CodeIgniter\CodeIgniter->runController(Object(App\Controllers\MainController))
 4 SYSTEMPATH\CodeIgniter.php(353): CodeIgniter\CodeIgniter->handleRequest(null, Object(Config\Cache), false)
 5 FCPATH\index.php(85): CodeIgniter\CodeIgniter->run()
CRITICAL - 2023-11-16 02:46:27 --> Undefined property: App\Controllers\MainController::$db
in APPPATH\Controllers\MainController.php on line 57.
 1 APPPATH\Controllers\MainController.php(57): CodeIgniter\Debug\Exceptions->errorHandler(2, 'Undefined property: App\\Controllers\\MainController::$db', 'C:\\laragon\\www\\backend\\app\\Controllers\\MainController.php', 57)
 2 SYSTEMPATH\CodeIgniter.php(919): App\Controllers\MainController->search()
 3 SYSTEMPATH\CodeIgniter.php(494): CodeIgniter\CodeIgniter->runController(Object(App\Controllers\MainController))
 4 SYSTEMPATH\CodeIgniter.php(353): CodeIgniter\CodeIgniter->handleRequest(null, Object(Config\Cache), false)
 5 FCPATH\index.php(85): CodeIgniter\CodeIgniter->run()
CRITICAL - 2023-11-16 02:47:15 --> Undefined property: App\Controllers\MainController::$db
in APPPATH\Controllers\MainController.php on line 57.
 1 APPPATH\Controllers\MainController.php(57): CodeIgniter\Debug\Exceptions->errorHandler(2, 'Undefined property: App\\Controllers\\MainController::$db', 'C:\\laragon\\www\\backend\\app\\Controllers\\MainController.php', 57)
 2 SYSTEMPATH\CodeIgniter.php(919): App\Controllers\MainController->search()
 3 SYSTEMPATH\CodeIgniter.php(494): CodeIgniter\CodeIgniter->runController(Object(App\Controllers\MainController))
 4 SYSTEMPATH\CodeIgniter.php(353): CodeIgniter\CodeIgniter->handleRequest(null, Object(Config\Cache), false)
 5 FCPATH\index.php(85): CodeIgniter\CodeIgniter->run()
CRITICAL - 2023-11-16 02:49:12 --> CodeIgniter\Router\RouteCollection::match(): Argument #1 ($verbs) must be of type array, string given, called in C:\laragon\www\backend\app\Config\Routes.php on line 10
in SYSTEMPATH\Router\RouteCollection.php on line 991.
 1 APPPATH\Config\Routes.php(10): CodeIgniter\Router\RouteCollection->match('GET|POST', '/search', 'MainController::search')
 2 SYSTEMPATH\Router\RouteCollection.php(339): require('C:\\laragon\\www\\backend\\app\\Config\\Routes.php')
 3 SYSTEMPATH\CodeIgniter.php(787): CodeIgniter\Router\RouteCollection->loadRoutes()
 4 SYSTEMPATH\CodeIgniter.php(442): CodeIgniter\CodeIgniter->tryToRouteIt(null)
 5 SYSTEMPATH\CodeIgniter.php(353): CodeIgniter\CodeIgniter->handleRequest(null, Object(Config\Cache), false)
 6 FCPATH\index.php(85): CodeIgniter\CodeIgniter->run()
CRITICAL - 2023-11-16 02:49:12 --> CodeIgniter\Router\RouteCollection::match(): Argument #1 ($verbs) must be of type array, string given, called in C:\laragon\www\backend\app\Config\Routes.php on line 10
in SYSTEMPATH\Router\RouteCollection.php on line 991.
 1 APPPATH\Config\Routes.php(10): CodeIgniter\Router\RouteCollection->match('GET|POST', '/search', 'MainController::search')
 2 SYSTEMPATH\Router\RouteCollection.php(339): require('C:\\laragon\\www\\backend\\app\\Config\\Routes.php')
 3 SYSTEMPATH\CodeIgniter.php(787): CodeIgniter\Router\RouteCollection->loadRoutes()
 4 SYSTEMPATH\CodeIgniter.php(442): CodeIgniter\CodeIgniter->tryToRouteIt(null)
 5 SYSTEMPATH\CodeIgniter.php(353): CodeIgniter\CodeIgniter->handleRequest(null, Object(Config\Cache), false)
 6 FCPATH\index.php(85): CodeIgniter\CodeIgniter->run()
CRITICAL - 2023-11-16 02:49:13 --> CodeIgniter\Router\RouteCollection::match(): Argument #1 ($verbs) must be of type array, string given, called in C:\laragon\www\backend\app\Config\Routes.php on line 10
in SYSTEMPATH\Router\RouteCollection.php on line 991.
 1 APPPATH\Config\Routes.php(10): CodeIgniter\Router\RouteCollection->match('GET|POST', '/search', 'MainController::search')
 2 SYSTEMPATH\Router\RouteCollection.php(339): require('C:\\laragon\\www\\backend\\app\\Config\\Routes.php')
 3 SYSTEMPATH\CodeIgniter.php(787): CodeIgniter\Router\RouteCollection->loadRoutes()
 4 SYSTEMPATH\CodeIgniter.php(442): CodeIgniter\CodeIgniter->tryToRouteIt(null)
 5 SYSTEMPATH\CodeIgniter.php(353): CodeIgniter\CodeIgniter->handleRequest(null, Object(Config\Cache), false)
 6 FCPATH\index.php(85): CodeIgniter\CodeIgniter->run()
CRITICAL - 2023-11-16 02:49:13 --> CodeIgniter\Router\RouteCollection::match(): Argument #1 ($verbs) must be of type array, string given, called in C:\laragon\www\backend\app\Config\Routes.php on line 10
in SYSTEMPATH\Router\RouteCollection.php on line 991.
 1 APPPATH\Config\Routes.php(10): CodeIgniter\Router\RouteCollection->match('GET|POST', '/search', 'MainController::search')
 2 SYSTEMPATH\Router\RouteCollection.php(339): require('C:\\laragon\\www\\backend\\app\\Config\\Routes.php')
 3 SYSTEMPATH\CodeIgniter.php(787): CodeIgniter\Router\RouteCollection->loadRoutes()
 4 SYSTEMPATH\CodeIgniter.php(442): CodeIgniter\CodeIgniter->tryToRouteIt(null)
 5 SYSTEMPATH\CodeIgniter.php(353): CodeIgniter\CodeIgniter->handleRequest(null, Object(Config\Cache), false)
 6 FCPATH\index.php(85): CodeIgniter\CodeIgniter->run()
CRITICAL - 2023-11-16 02:49:13 --> CodeIgniter\Router\RouteCollection::match(): Argument #1 ($verbs) must be of type array, string given, called in C:\laragon\www\backend\app\Config\Routes.php on line 10
in SYSTEMPATH\Router\RouteCollection.php on line 991.
 1 APPPATH\Config\Routes.php(10): CodeIgniter\Router\RouteCollection->match('GET|POST', '/search', 'MainController::search')
 2 SYSTEMPATH\Router\RouteCollection.php(339): require('C:\\laragon\\www\\backend\\app\\Config\\Routes.php')
 3 SYSTEMPATH\CodeIgniter.php(787): CodeIgniter\Router\RouteCollection->loadRoutes()
 4 SYSTEMPATH\CodeIgniter.php(442): CodeIgniter\CodeIgniter->tryToRouteIt(null)
 5 SYSTEMPATH\CodeIgniter.php(353): CodeIgniter\CodeIgniter->handleRequest(null, Object(Config\Cache), false)
 6 FCPATH\index.php(85): CodeIgniter\CodeIgniter->run()
CRITICAL - 2023-11-16 02:49:13 --> CodeIgniter\Router\RouteCollection::match(): Argument #1 ($verbs) must be of type array, string given, called in C:\laragon\www\backend\app\Config\Routes.php on line 10
in SYSTEMPATH\Router\RouteCollection.php on line 991.
 1 APPPATH\Config\Routes.php(10): CodeIgniter\Router\RouteCollection->match('GET|POST', '/search', 'MainController::search')
 2 SYSTEMPATH\Router\RouteCollection.php(339): require('C:\\laragon\\www\\backend\\app\\Config\\Routes.php')
 3 SYSTEMPATH\CodeIgniter.php(787): CodeIgniter\Router\RouteCollection->loadRoutes()
 4 SYSTEMPATH\CodeIgniter.php(442): CodeIgniter\CodeIgniter->tryToRouteIt(null)
 5 SYSTEMPATH\CodeIgniter.php(353): CodeIgniter\CodeIgniter->handleRequest(null, Object(Config\Cache), false)
 6 FCPATH\index.php(85): CodeIgniter\CodeIgniter->run()
CRITICAL - 2023-11-16 02:49:16 --> CodeIgniter\Router\RouteCollection::match(): Argument #1 ($verbs) must be of type array, string given, called in C:\laragon\www\backend\app\Config\Routes.php on line 10
in SYSTEMPATH\Router\RouteCollection.php on line 991.
 1 APPPATH\Config\Routes.php(10): CodeIgniter\Router\RouteCollection->match('GET|POST', '/search', 'MainController::search')
 2 SYSTEMPATH\Router\RouteCollection.php(339): require('C:\\laragon\\www\\backend\\app\\Config\\Routes.php')
 3 SYSTEMPATH\CodeIgniter.php(787): CodeIgniter\Router\RouteCollection->loadRoutes()
 4 SYSTEMPATH\CodeIgniter.php(442): CodeIgniter\CodeIgniter->tryToRouteIt(null)
 5 SYSTEMPATH\CodeIgniter.php(353): CodeIgniter\CodeIgniter->handleRequest(null, Object(Config\Cache), false)
 6 FCPATH\index.php(85): CodeIgniter\CodeIgniter->run()
CRITICAL - 2023-11-16 02:50:19 --> CodeIgniter\Router\RouteCollection::match(): Argument #1 ($verbs) must be of type array, string given, called in C:\laragon\www\backend\app\Config\Routes.php on line 10
in SYSTEMPATH\Router\RouteCollection.php on line 991.
 1 APPPATH\Config\Routes.php(10): CodeIgniter\Router\RouteCollection->match('GET|POST', '/search', 'MainController::search')
 2 SYSTEMPATH\Router\RouteCollection.php(339): require('C:\\laragon\\www\\backend\\app\\Config\\Routes.php')
 3 SYSTEMPATH\CodeIgniter.php(787): CodeIgniter\Router\RouteCollection->loadRoutes()
 4 SYSTEMPATH\CodeIgniter.php(442): CodeIgniter\CodeIgniter->tryToRouteIt(null)
 5 SYSTEMPATH\CodeIgniter.php(353): CodeIgniter\CodeIgniter->handleRequest(null, Object(Config\Cache), false)
 6 FCPATH\index.php(85): CodeIgniter\CodeIgniter->run()
CRITICAL - 2023-11-16 02:51:04 --> Undefined property: App\Controllers\MainController::$db
in APPPATH\Controllers\MainController.php on line 57.
 1 APPPATH\Controllers\MainController.php(57): CodeIgniter\Debug\Exceptions->errorHandler(2, 'Undefined property: App\\Controllers\\MainController::$db', 'C:\\laragon\\www\\backend\\app\\Controllers\\MainController.php', 57)
 2 SYSTEMPATH\CodeIgniter.php(919): App\Controllers\MainController->search()
 3 SYSTEMPATH\CodeIgniter.php(494): CodeIgniter\CodeIgniter->runController(Object(App\Controllers\MainController))
 4 SYSTEMPATH\CodeIgniter.php(353): CodeIgniter\CodeIgniter->handleRequest(null, Object(Config\Cache), false)
 5 FCPATH\index.php(85): CodeIgniter\CodeIgniter->run()
CRITICAL - 2023-11-16 02:51:41 --> Undefined property: App\Controllers\MainController::$db
in APPPATH\Controllers\MainController.php on line 57.
 1 APPPATH\Controllers\MainController.php(57): CodeIgniter\Debug\Exceptions->errorHandler(2, 'Undefined property: App\\Controllers\\MainController::$db', 'C:\\laragon\\www\\backend\\app\\Controllers\\MainController.php', 57)
 2 SYSTEMPATH\CodeIgniter.php(919): App\Controllers\MainController->search()
 3 SYSTEMPATH\CodeIgniter.php(494): CodeIgniter\CodeIgniter->runController(Object(App\Controllers\MainController))
 4 SYSTEMPATH\CodeIgniter.php(353): CodeIgniter\CodeIgniter->handleRequest(null, Object(Config\Cache), false)
 5 FCPATH\index.php(85): CodeIgniter\CodeIgniter->run()
CRITICAL - 2023-11-16 02:52:16 --> Cannot call constructor
in APPPATH\Controllers\MainController.php on line 14.
 1 SYSTEMPATH\CodeIgniter.php(891): App\Controllers\MainController->__construct()
 2 SYSTEMPATH\CodeIgniter.php(485): CodeIgniter\CodeIgniter->createController()
 3 SYSTEMPATH\CodeIgniter.php(353): CodeIgniter\CodeIgniter->handleRequest(null, Object(Config\Cache), false)
 4 FCPATH\index.php(85): CodeIgniter\CodeIgniter->run()
CRITICAL - 2023-11-16 02:52:24 --> Cannot call constructor
in APPPATH\Controllers\MainController.php on line 14.
 1 SYSTEMPATH\CodeIgniter.php(891): App\Controllers\MainController->__construct()
 2 SYSTEMPATH\CodeIgniter.php(485): CodeIgniter\CodeIgniter->createController()
 3 SYSTEMPATH\CodeIgniter.php(353): CodeIgniter\CodeIgniter->handleRequest(null, Object(Config\Cache), false)
 4 FCPATH\index.php(85): CodeIgniter\CodeIgniter->run()
CRITICAL - 2023-11-16 02:52:31 --> Cannot call constructor
in APPPATH\Controllers\MainController.php on line 14.
 1 SYSTEMPATH\CodeIgniter.php(891): App\Controllers\MainController->__construct()
 2 SYSTEMPATH\CodeIgniter.php(485): CodeIgniter\CodeIgniter->createController()
 3 SYSTEMPATH\CodeIgniter.php(353): CodeIgniter\CodeIgniter->handleRequest(null, Object(Config\Cache), false)
 4 FCPATH\index.php(85): CodeIgniter\CodeIgniter->run()
CRITICAL - 2023-11-16 02:52:32 --> Cannot call constructor
in APPPATH\Controllers\MainController.php on line 14.
 1 SYSTEMPATH\CodeIgniter.php(891): App\Controllers\MainController->__construct()
 2 SYSTEMPATH\CodeIgniter.php(485): CodeIgniter\CodeIgniter->createController()
 3 SYSTEMPATH\CodeIgniter.php(353): CodeIgniter\CodeIgniter->handleRequest(null, Object(Config\Cache), false)
 4 FCPATH\index.php(85): CodeIgniter\CodeIgniter->run()
CRITICAL - 2023-11-16 02:52:33 --> Cannot call constructor
in APPPATH\Controllers\MainController.php on line 14.
 1 SYSTEMPATH\CodeIgniter.php(891): App\Controllers\MainController->__construct()
 2 SYSTEMPATH\CodeIgniter.php(485): CodeIgniter\CodeIgniter->createController()
 3 SYSTEMPATH\CodeIgniter.php(353): CodeIgniter\CodeIgniter->handleRequest(null, Object(Config\Cache), false)
 4 FCPATH\index.php(85): CodeIgniter\CodeIgniter->run()
CRITICAL - 2023-11-16 02:54:12 --> Cannot call constructor
in APPPATH\Controllers\MainController.php on line 14.
 1 SYSTEMPATH\CodeIgniter.php(891): App\Controllers\MainController->__construct()
 2 SYSTEMPATH\CodeIgniter.php(485): CodeIgniter\CodeIgniter->createController()
 3 SYSTEMPATH\CodeIgniter.php(353): CodeIgniter\CodeIgniter->handleRequest(null, Object(Config\Cache), false)
 4 FCPATH\index.php(85): CodeIgniter\CodeIgniter->run()
CRITICAL - 2023-11-16 02:54:18 --> Cannot call constructor
in APPPATH\Controllers\MainController.php on line 14.
 1 SYSTEMPATH\CodeIgniter.php(891): App\Controllers\MainController->__construct()
 2 SYSTEMPATH\CodeIgniter.php(485): CodeIgniter\CodeIgniter->createController()
 3 SYSTEMPATH\CodeIgniter.php(353): CodeIgniter\CodeIgniter->handleRequest(null, Object(Config\Cache), false)
 4 FCPATH\index.php(85): CodeIgniter\CodeIgniter->run()
CRITICAL - 2023-11-16 02:54:20 --> Cannot call constructor
in APPPATH\Controllers\MainController.php on line 14.
 1 SYSTEMPATH\CodeIgniter.php(891): App\Controllers\MainController->__construct()
 2 SYSTEMPATH\CodeIgniter.php(485): CodeIgniter\CodeIgniter->createController()
 3 SYSTEMPATH\CodeIgniter.php(353): CodeIgniter\CodeIgniter->handleRequest(null, Object(Config\Cache), false)
 4 FCPATH\index.php(85): CodeIgniter\CodeIgniter->run()
CRITICAL - 2023-11-16 02:54:21 --> Cannot call constructor
in APPPATH\Controllers\MainController.php on line 14.
 1 SYSTEMPATH\CodeIgniter.php(891): App\Controllers\MainController->__construct()
 2 SYSTEMPATH\CodeIgniter.php(485): CodeIgniter\CodeIgniter->createController()
 3 SYSTEMPATH\CodeIgniter.php(353): CodeIgniter\CodeIgniter->handleRequest(null, Object(Config\Cache), false)
 4 FCPATH\index.php(85): CodeIgniter\CodeIgniter->run()
CRITICAL - 2023-11-16 02:54:26 --> Undefined property: App\Controllers\MainController::$db
in APPPATH\Controllers\MainController.php on line 57.
 1 APPPATH\Controllers\MainController.php(57): CodeIgniter\Debug\Exceptions->errorHandler(2, 'Undefined property: App\\Controllers\\MainController::$db', 'C:\\laragon\\www\\backend\\app\\Controllers\\MainController.php', 57)
 2 SYSTEMPATH\CodeIgniter.php(919): App\Controllers\MainController->search()
 3 SYSTEMPATH\CodeIgniter.php(494): CodeIgniter\CodeIgniter->runController(Object(App\Controllers\MainController))
 4 SYSTEMPATH\CodeIgniter.php(353): CodeIgniter\CodeIgniter->handleRequest(null, Object(Config\Cache), false)
 5 FCPATH\index.php(85): CodeIgniter\CodeIgniter->run()
CRITICAL - 2023-11-16 03:06:45 --> Undefined variable $limit
in APPPATH\Controllers\MainController.php on line 76.
 1 APPPATH\Controllers\MainController.php(76): CodeIgniter\Debug\Exceptions->errorHandler(2, 'Undefined variable $limit', 'C:\\laragon\\www\\backend\\app\\Controllers\\MainController.php', 76)
 2 SYSTEMPATH\CodeIgniter.php(919): App\Controllers\MainController->search()
 3 SYSTEMPATH\CodeIgniter.php(494): CodeIgniter\CodeIgniter->runController(Object(App\Controllers\MainController))
 4 SYSTEMPATH\CodeIgniter.php(353): CodeIgniter\CodeIgniter->handleRequest(null, Object(Config\Cache), false)
 5 FCPATH\index.php(85): CodeIgniter\CodeIgniter->run()
CRITICAL - 2023-11-16 03:07:19 --> Undefined variable $limit
in APPPATH\Controllers\MainController.php on line 76.
 1 APPPATH\Controllers\MainController.php(76): CodeIgniter\Debug\Exceptions->errorHandler(2, 'Undefined variable $limit', 'C:\\laragon\\www\\backend\\app\\Controllers\\MainController.php', 76)
 2 SYSTEMPATH\CodeIgniter.php(919): App\Controllers\MainController->search()
 3 SYSTEMPATH\CodeIgniter.php(494): CodeIgniter\CodeIgniter->runController(Object(App\Controllers\MainController))
 4 SYSTEMPATH\CodeIgniter.php(353): CodeIgniter\CodeIgniter->handleRequest(null, Object(Config\Cache), false)
 5 FCPATH\index.php(85): CodeIgniter\CodeIgniter->run()
CRITICAL - 2023-11-16 03:07:59 --> Undefined variable $offset
in APPPATH\Controllers\MainController.php on line 76.
 1 APPPATH\Controllers\MainController.php(76): CodeIgniter\Debug\Exceptions->errorHandler(2, 'Undefined variable $offset', 'C:\\laragon\\www\\backend\\app\\Controllers\\MainController.php', 76)
 2 SYSTEMPATH\CodeIgniter.php(919): App\Controllers\MainController->search()
 3 SYSTEMPATH\CodeIgniter.php(494): CodeIgniter\CodeIgniter->runController(Object(App\Controllers\MainController))
 4 SYSTEMPATH\CodeIgniter.php(353): CodeIgniter\CodeIgniter->handleRequest(null, Object(Config\Cache), false)
 5 FCPATH\index.php(85): CodeIgniter\CodeIgniter->run()
CRITICAL - 2023-11-16 03:12:11 --> Undefined variable $results
in APPPATH\Controllers\MainController.php on line 79.
 1 APPPATH\Controllers\MainController.php(79): CodeIgniter\Debug\Exceptions->errorHandler(2, 'Undefined variable $results', 'C:\\laragon\\www\\backend\\app\\Controllers\\MainController.php', 79)
 2 SYSTEMPATH\CodeIgniter.php(919): App\Controllers\MainController->search()
 3 SYSTEMPATH\CodeIgniter.php(494): CodeIgniter\CodeIgniter->runController(Object(App\Controllers\MainController))
 4 SYSTEMPATH\CodeIgniter.php(353): CodeIgniter\CodeIgniter->handleRequest(null, Object(Config\Cache), false)
 5 FCPATH\index.php(85): CodeIgniter\CodeIgniter->run()
CRITICAL - 2023-11-16 03:16:12 --> Undefined variable $results
in APPPATH\Controllers\MainController.php on line 79.
 1 APPPATH\Controllers\MainController.php(79): CodeIgniter\Debug\Exceptions->errorHandler(2, 'Undefined variable $results', 'C:\\laragon\\www\\backend\\app\\Controllers\\MainController.php', 79)
 2 SYSTEMPATH\CodeIgniter.php(919): App\Controllers\MainController->search()
 3 SYSTEMPATH\CodeIgniter.php(494): CodeIgniter\CodeIgniter->runController(Object(App\Controllers\MainController))
 4 SYSTEMPATH\CodeIgniter.php(353): CodeIgniter\CodeIgniter->handleRequest(null, Object(Config\Cache), false)
 5 FCPATH\index.php(85): CodeIgniter\CodeIgniter->run()
CRITICAL - 2023-11-16 03:16:19 --> Undefined variable $results
in APPPATH\Controllers\MainController.php on line 79.
 1 APPPATH\Controllers\MainController.php(79): CodeIgniter\Debug\Exceptions->errorHandler(2, 'Undefined variable $results', 'C:\\laragon\\www\\backend\\app\\Controllers\\MainController.php', 79)
 2 SYSTEMPATH\CodeIgniter.php(919): App\Controllers\MainController->search()
 3 SYSTEMPATH\CodeIgniter.php(494): CodeIgniter\CodeIgniter->runController(Object(App\Controllers\MainController))
 4 SYSTEMPATH\CodeIgniter.php(353): CodeIgniter\CodeIgniter->handleRequest(null, Object(Config\Cache), false)
 5 FCPATH\index.php(85): CodeIgniter\CodeIgniter->run()
CRITICAL - 2023-11-16 03:16:19 --> Undefined variable $results
in APPPATH\Controllers\MainController.php on line 79.
 1 APPPATH\Controllers\MainController.php(79): CodeIgniter\Debug\Exceptions->errorHandler(2, 'Undefined variable $results', 'C:\\laragon\\www\\backend\\app\\Controllers\\MainController.php', 79)
 2 SYSTEMPATH\CodeIgniter.php(919): App\Controllers\MainController->search()
 3 SYSTEMPATH\CodeIgniter.php(494): CodeIgniter\CodeIgniter->runController(Object(App\Controllers\MainController))
 4 SYSTEMPATH\CodeIgniter.php(353): CodeIgniter\CodeIgniter->handleRequest(null, Object(Config\Cache), false)
 5 FCPATH\index.php(85): CodeIgniter\CodeIgniter->run()
CRITICAL - 2023-11-16 03:16:21 --> Undefined variable $results
in APPPATH\Controllers\MainController.php on line 79.
 1 APPPATH\Controllers\MainController.php(79): CodeIgniter\Debug\Exceptions->errorHandler(2, 'Undefined variable $results', 'C:\\laragon\\www\\backend\\app\\Controllers\\MainController.php', 79)
 2 SYSTEMPATH\CodeIgniter.php(919): App\Controllers\MainController->search()
 3 SYSTEMPATH\CodeIgniter.php(494): CodeIgniter\CodeIgniter->runController(Object(App\Controllers\MainController))
 4 SYSTEMPATH\CodeIgniter.php(353): CodeIgniter\CodeIgniter->handleRequest(null, Object(Config\Cache), false)
 5 FCPATH\index.php(85): CodeIgniter\CodeIgniter->run()
CRITICAL - 2023-11-16 03:29:46 --> Call to a member function where() on array
in APPPATH\Controllers\MainController.php on line 72.
 1 SYSTEMPATH\CodeIgniter.php(919): App\Controllers\MainController->search()
 2 SYSTEMPATH\CodeIgniter.php(494): CodeIgniter\CodeIgniter->runController(Object(App\Controllers\MainController))
 3 SYSTEMPATH\CodeIgniter.php(353): CodeIgniter\CodeIgniter->handleRequest(null, Object(Config\Cache), false)
 4 FCPATH\index.php(85): CodeIgniter\CodeIgniter->run()
CRITICAL - 2023-11-16 03:30:18 --> Call to undefined method App\Models\MainModel::getResultArray
in SYSTEMPATH\Model.php on line 873.
 1 APPPATH\Controllers\MainController.php(72): CodeIgniter\Model->__call('getResultArray', [])
 2 SYSTEMPATH\CodeIgniter.php(919): App\Controllers\MainController->search()
 3 SYSTEMPATH\CodeIgniter.php(494): CodeIgniter\CodeIgniter->runController(Object(App\Controllers\MainController))
 4 SYSTEMPATH\CodeIgniter.php(353): CodeIgniter\CodeIgniter->handleRequest(null, Object(Config\Cache), false)
 5 FCPATH\index.php(85): CodeIgniter\CodeIgniter->run()
CRITICAL - 2023-11-16 03:30:26 --> Call to a member function where() on null
in APPPATH\Controllers\MainController.php on line 72.
 1 SYSTEMPATH\CodeIgniter.php(919): App\Controllers\MainController->search()
 2 SYSTEMPATH\CodeIgniter.php(494): CodeIgniter\CodeIgniter->runController(Object(App\Controllers\MainController))
 3 SYSTEMPATH\CodeIgniter.php(353): CodeIgniter\CodeIgniter->handleRequest(null, Object(Config\Cache), false)
 4 FCPATH\index.php(85): CodeIgniter\CodeIgniter->run()
CRITICAL - 2023-11-16 04:08:02 --> Call to undefined method CodeIgniter\HTTP\IncomingRequest::post()
in APPPATH\Controllers\MainController.php on line 79.
 1 SYSTEMPATH\CodeIgniter.php(919): App\Controllers\MainController->search()
 2 SYSTEMPATH\CodeIgniter.php(494): CodeIgniter\CodeIgniter->runController(Object(App\Controllers\MainController))
 3 SYSTEMPATH\CodeIgniter.php(353): CodeIgniter\CodeIgniter->handleRequest(null, Object(Config\Cache), false)
 4 FCPATH\index.php(85): CodeIgniter\CodeIgniter->run()
CRITICAL - 2023-11-16 04:08:51 --> Undefined property: App\Controllers\MainController::$input
in APPPATH\Controllers\MainController.php on line 79.
 1 APPPATH\Controllers\MainController.php(79): CodeIgniter\Debug\Exceptions->errorHandler(2, 'Undefined property: App\\Controllers\\MainController::$input', 'C:\\laragon\\www\\backend\\app\\Controllers\\MainController.php', 79)
 2 SYSTEMPATH\CodeIgniter.php(919): App\Controllers\MainController->search()
 3 SYSTEMPATH\CodeIgniter.php(494): CodeIgniter\CodeIgniter->runController(Object(App\Controllers\MainController))
 4 SYSTEMPATH\CodeIgniter.php(353): CodeIgniter\CodeIgniter->handleRequest(null, Object(Config\Cache), false)
 5 FCPATH\index.php(85): CodeIgniter\CodeIgniter->run()
CRITICAL - 2023-11-16 04:08:59 --> Undefined property: App\Controllers\MainController::$get
in APPPATH\Controllers\MainController.php on line 79.
 1 APPPATH\Controllers\MainController.php(79): CodeIgniter\Debug\Exceptions->errorHandler(2, 'Undefined property: App\\Controllers\\MainController::$get', 'C:\\laragon\\www\\backend\\app\\Controllers\\MainController.php', 79)
 2 SYSTEMPATH\CodeIgniter.php(919): App\Controllers\MainController->search()
 3 SYSTEMPATH\CodeIgniter.php(494): CodeIgniter\CodeIgniter->runController(Object(App\Controllers\MainController))
 4 SYSTEMPATH\CodeIgniter.php(353): CodeIgniter\CodeIgniter->handleRequest(null, Object(Config\Cache), false)
 5 FCPATH\index.php(85): CodeIgniter\CodeIgniter->run()
CRITICAL - 2023-11-16 04:09:17 --> Call to undefined method CodeIgniter\HTTP\IncomingRequest::Post()
in APPPATH\Controllers\MainController.php on line 79.
 1 SYSTEMPATH\CodeIgniter.php(919): App\Controllers\MainController->search()
 2 SYSTEMPATH\CodeIgniter.php(494): CodeIgniter\CodeIgniter->runController(Object(App\Controllers\MainController))
 3 SYSTEMPATH\CodeIgniter.php(353): CodeIgniter\CodeIgniter->handleRequest(null, Object(Config\Cache), false)
 4 FCPATH\index.php(85): CodeIgniter\CodeIgniter->run()
CRITICAL - 2023-11-16 04:09:22 --> Call to undefined method CodeIgniter\HTTP\IncomingRequest::post()
in APPPATH\Controllers\MainController.php on line 79.
 1 SYSTEMPATH\CodeIgniter.php(919): App\Controllers\MainController->search()
 2 SYSTEMPATH\CodeIgniter.php(494): CodeIgniter\CodeIgniter->runController(Object(App\Controllers\MainController))
 3 SYSTEMPATH\CodeIgniter.php(353): CodeIgniter\CodeIgniter->handleRequest(null, Object(Config\Cache), false)
 4 FCPATH\index.php(85): CodeIgniter\CodeIgniter->run()
