CRITICAL - 2023-11-15 12:31:45 --> Class "App\Model\MainModel" not found
in APPPATH\Controllers\MainController.php on line 17.
 1 SYSTEMPATH\CodeIgniter.php(919): App\Controllers\MainController->getData()
 2 SYSTEMPATH\CodeIgniter.php(494): CodeIgniter\CodeIgniter->runController(Object(App\Controllers\MainController))
 3 SYSTEMPATH\CodeIgniter.php(353): CodeIgniter\CodeIgniter->handleRequest(null, Object(Config\Cache), false)
 4 FCPATH\index.php(85): CodeIgniter\CodeIgniter->run()
CRITICAL - 2023-11-15 12:32:34 --> Undefined property: App\Controllers\MainController::$load
in APPPATH\Controllers\MainController.php on line 17.
 1 APPPATH\Controllers\MainController.php(17): CodeIgniter\Debug\Exceptions->errorHandler(2, 'Undefined property: App\\Controllers\\MainController::$load', 'C:\\laragon\\www\\backend\\app\\Controllers\\MainController.php', 17)
 2 SYSTEMPATH\CodeIgniter.php(919): App\Controllers\MainController->getData()
 3 SYSTEMPATH\CodeIgniter.php(494): CodeIgniter\CodeIgniter->runController(Object(App\Controllers\MainController))
 4 SYSTEMPATH\CodeIgniter.php(353): CodeIgniter\CodeIgniter->handleRequest(null, Object(Config\Cache), false)
 5 FCPATH\index.php(85): CodeIgniter\CodeIgniter->run()
CRITICAL - 2023-11-15 12:32:40 --> Undefined property: App\Controllers\MainController::$call
in APPPATH\Controllers\MainController.php on line 17.
 1 APPPATH\Controllers\MainController.php(17): CodeIgniter\Debug\Exceptions->errorHandler(2, 'Undefined property: App\\Controllers\\MainController::$call', 'C:\\laragon\\www\\backend\\app\\Controllers\\MainController.php', 17)
 2 SYSTEMPATH\CodeIgniter.php(919): App\Controllers\MainController->getData()
 3 SYSTEMPATH\CodeIgniter.php(494): CodeIgniter\CodeIgniter->runController(Object(App\Controllers\MainController))
 4 SYSTEMPATH\CodeIgniter.php(353): CodeIgniter\CodeIgniter->handleRequest(null, Object(Config\Cache), false)
 5 FCPATH\index.php(85): CodeIgniter\CodeIgniter->run()
CRITICAL - 2023-11-15 12:33:27 --> Class "App\Model\MainModel" not found
in APPPATH\Controllers\MainController.php on line 18.
 1 SYSTEMPATH\CodeIgniter.php(919): App\Controllers\MainController->getData()
 2 SYSTEMPATH\CodeIgniter.php(494): CodeIgniter\CodeIgniter->runController(Object(App\Controllers\MainController))
 3 SYSTEMPATH\CodeIgniter.php(353): CodeIgniter\CodeIgniter->handleRequest(null, Object(Config\Cache), false)
 4 FCPATH\index.php(85): CodeIgniter\CodeIgniter->run()
CRITICAL - 2023-11-15 12:33:28 --> Class "App\Model\MainModel" not found
in APPPATH\Controllers\MainController.php on line 18.
 1 SYSTEMPATH\CodeIgniter.php(919): App\Controllers\MainController->getData()
 2 SYSTEMPATH\CodeIgniter.php(494): CodeIgniter\CodeIgniter->runController(Object(App\Controllers\MainController))
 3 SYSTEMPATH\CodeIgniter.php(353): CodeIgniter\CodeIgniter->handleRequest(null, Object(Config\Cache), false)
 4 FCPATH\index.php(85): CodeIgniter\CodeIgniter->run()
CRITICAL - 2023-11-15 12:33:47 --> Call to undefined method App\Controllers\MainController::response()
in APPPATH\Controllers\MainController.php on line 20.
 1 SYSTEMPATH\CodeIgniter.php(919): App\Controllers\MainController->getData()
 2 SYSTEMPATH\CodeIgniter.php(494): CodeIgniter\CodeIgniter->runController(Object(App\Controllers\MainController))
 3 SYSTEMPATH\CodeIgniter.php(353): CodeIgniter\CodeIgniter->handleRequest(null, Object(Config\Cache), false)
 4 FCPATH\index.php(85): CodeIgniter\CodeIgniter->run()
ERROR - 2023-11-15 13:03:38 --> mysqli_sql_exception: Table 'dswd.info' doesn't exist in C:\laragon\www\backend\system\Database\MySQLi\Connection.php:306
Stack trace:
#0 C:\laragon\www\backend\system\Database\MySQLi\Connection.php(306): mysqli->query('SELECT *\nFROM `...', 0)
#1 C:\laragon\www\backend\system\Database\BaseConnection.php(692): CodeIgniter\Database\MySQLi\Connection->execute('SELECT *\nFROM `...')
#2 C:\laragon\www\backend\system\Database\BaseConnection.php(606): CodeIgniter\Database\BaseConnection->simpleQuery('SELECT *\nFROM `...')
#3 C:\laragon\www\backend\system\Database\BaseBuilder.php(1615): CodeIgniter\Database\BaseConnection->query('SELECT *\nFROM `...', Array, false)
#4 C:\laragon\www\backend\system\Model.php(237): CodeIgniter\Database\BaseBuilder->get()
#5 C:\laragon\www\backend\system\BaseModel.php(624): CodeIgniter\Model->doFindAll(0, 0)
#6 C:\laragon\www\backend\app\Controllers\MainController.php(19): CodeIgniter\BaseModel->findAll()
#7 C:\laragon\www\backend\system\CodeIgniter.php(919): App\Controllers\MainController->getData()
#8 C:\laragon\www\backend\system\CodeIgniter.php(494): CodeIgniter\CodeIgniter->runController(Object(App\Controllers\MainController))
#9 C:\laragon\www\backend\system\CodeIgniter.php(353): CodeIgniter\CodeIgniter->handleRequest(NULL, Object(Config\Cache), false)
#10 C:\laragon\www\backend\public\index.php(85): CodeIgniter\CodeIgniter->run()
#11 {main}
CRITICAL - 2023-11-15 13:03:38 --> Table 'dswd.info' doesn't exist
in SYSTEMPATH\Database\BaseConnection.php on line 646.
 1 SYSTEMPATH\Database\BaseBuilder.php(1615): CodeIgniter\Database\BaseConnection->query('SELECT *
FROM `info`', [], false)
 2 SYSTEMPATH\Model.php(237): CodeIgniter\Database\BaseBuilder->get()
 3 SYSTEMPATH\BaseModel.php(624): CodeIgniter\Model->doFindAll(0, 0)
 4 APPPATH\Controllers\MainController.php(19): CodeIgniter\BaseModel->findAll()
 5 SYSTEMPATH\CodeIgniter.php(919): App\Controllers\MainController->getData()
 6 SYSTEMPATH\CodeIgniter.php(494): CodeIgniter\CodeIgniter->runController(Object(App\Controllers\MainController))
 7 SYSTEMPATH\CodeIgniter.php(353): CodeIgniter\CodeIgniter->handleRequest(null, Object(Config\Cache), false)
 8 FCPATH\index.php(85): CodeIgniter\CodeIgniter->run()
CRITICAL - 2023-11-15 14:02:28 --> Cannot call constructor
in APPPATH\Controllers\MainController.php on line 14.
 1 SYSTEMPATH\CodeIgniter.php(891): App\Controllers\MainController->__construct()
 2 SYSTEMPATH\CodeIgniter.php(485): CodeIgniter\CodeIgniter->createController()
 3 SYSTEMPATH\CodeIgniter.php(353): CodeIgniter\CodeIgniter->handleRequest(null, Object(Config\Cache), false)
 4 FCPATH\index.php(85): CodeIgniter\CodeIgniter->run()
CRITICAL - 2023-11-15 14:02:57 --> Cannot call constructor
in APPPATH\Controllers\MainController.php on line 14.
 1 SYSTEMPATH\CodeIgniter.php(891): App\Controllers\MainController->__construct()
 2 SYSTEMPATH\CodeIgniter.php(485): CodeIgniter\CodeIgniter->createController()
 3 SYSTEMPATH\CodeIgniter.php(353): CodeIgniter\CodeIgniter->handleRequest(null, Object(Config\Cache), false)
 4 FCPATH\index.php(85): CodeIgniter\CodeIgniter->run()
CRITICAL - 2023-11-15 14:03:32 --> Cannot call constructor
in APPPATH\Controllers\MainController.php on line 14.
 1 SYSTEMPATH\CodeIgniter.php(891): App\Controllers\MainController->__construct()
 2 SYSTEMPATH\CodeIgniter.php(485): CodeIgniter\CodeIgniter->createController()
 3 SYSTEMPATH\CodeIgniter.php(353): CodeIgniter\CodeIgniter->handleRequest(null, Object(Config\Cache), false)
 4 FCPATH\index.php(85): CodeIgniter\CodeIgniter->run()
CRITICAL - 2023-11-15 14:15:51 --> Cannot call constructor
in APPPATH\Controllers\MainController.php on line 14.
 1 SYSTEMPATH\CodeIgniter.php(891): App\Controllers\MainController->__construct()
 2 SYSTEMPATH\CodeIgniter.php(485): CodeIgniter\CodeIgniter->createController()
 3 SYSTEMPATH\CodeIgniter.php(353): CodeIgniter\CodeIgniter->handleRequest(null, Object(Config\Cache), false)
 4 FCPATH\index.php(85): CodeIgniter\CodeIgniter->run()
CRITICAL - 2023-11-15 14:20:53 --> Cannot call constructor
in APPPATH\Controllers\MainController.php on line 14.
 1 SYSTEMPATH\CodeIgniter.php(891): App\Controllers\MainController->__construct()
 2 SYSTEMPATH\CodeIgniter.php(485): CodeIgniter\CodeIgniter->createController()
 3 SYSTEMPATH\CodeIgniter.php(353): CodeIgniter\CodeIgniter->handleRequest(null, Object(Config\Cache), false)
 4 FCPATH\index.php(85): CodeIgniter\CodeIgniter->run()
CRITICAL - 2023-11-15 14:23:14 --> Cannot call constructor
in APPPATH\Controllers\MainController.php on line 14.
 1 SYSTEMPATH\CodeIgniter.php(891): App\Controllers\MainController->__construct()
 2 SYSTEMPATH\CodeIgniter.php(485): CodeIgniter\CodeIgniter->createController()
 3 SYSTEMPATH\CodeIgniter.php(353): CodeIgniter\CodeIgniter->handleRequest(null, Object(Config\Cache), false)
 4 FCPATH\index.php(85): CodeIgniter\CodeIgniter->run()
CRITICAL - 2023-11-15 14:24:01 --> Cannot call constructor
in APPPATH\Controllers\MainController.php on line 14.
 1 SYSTEMPATH\CodeIgniter.php(891): App\Controllers\MainController->__construct()
 2 SYSTEMPATH\CodeIgniter.php(485): CodeIgniter\CodeIgniter->createController()
 3 SYSTEMPATH\CodeIgniter.php(353): CodeIgniter\CodeIgniter->handleRequest(null, Object(Config\Cache), false)
 4 FCPATH\index.php(85): CodeIgniter\CodeIgniter->run()
CRITICAL - 2023-11-15 14:24:43 --> Cannot call constructor
in APPPATH\Controllers\MainController.php on line 14.
 1 SYSTEMPATH\CodeIgniter.php(891): App\Controllers\MainController->__construct()
 2 SYSTEMPATH\CodeIgniter.php(485): CodeIgniter\CodeIgniter->createController()
 3 SYSTEMPATH\CodeIgniter.php(353): CodeIgniter\CodeIgniter->handleRequest(null, Object(Config\Cache), false)
 4 FCPATH\index.php(85): CodeIgniter\CodeIgniter->run()
CRITICAL - 2023-11-15 14:26:17 --> Cannot call constructor
in APPPATH\Controllers\MainController.php on line 14.
 1 SYSTEMPATH\CodeIgniter.php(891): App\Controllers\MainController->__construct()
 2 SYSTEMPATH\CodeIgniter.php(485): CodeIgniter\CodeIgniter->createController()
 3 SYSTEMPATH\CodeIgniter.php(353): CodeIgniter\CodeIgniter->handleRequest(null, Object(Config\Cache), false)
 4 FCPATH\index.php(85): CodeIgniter\CodeIgniter->run()
CRITICAL - 2023-11-15 14:27:27 --> Cannot call constructor
in APPPATH\Controllers\MainController.php on line 14.
 1 SYSTEMPATH\CodeIgniter.php(891): App\Controllers\MainController->__construct()
 2 SYSTEMPATH\CodeIgniter.php(485): CodeIgniter\CodeIgniter->createController()
 3 SYSTEMPATH\CodeIgniter.php(353): CodeIgniter\CodeIgniter->handleRequest(null, Object(Config\Cache), false)
 4 FCPATH\index.php(85): CodeIgniter\CodeIgniter->run()
